Message sent via ZMQ...

Setting log level to: 0
Setting latency send_no_tries to: 5
Setting latency send_ms to: 200
Setting latency receive_no_tries to: 25
Setting latency receive_ms to: 200
Expected a data_folder path, and a wallet filename, but got this: /Users/au/.ot/client_data/
Make sure to call LoadWallet.
Using OT Password Callback for "(null)"
OTPurse::LoadPurse: File does not exist: purse/8dlRJnGCjqU5jw7bZaw2AF112UrCZiFfBS9CnJrMWSp/T1Q3wZWgeTUoaUvn9m1lzIK5tn5wITlzxzrGNI8qtaV/Bph6oZoC14CxafShXhZPMl1p2o1YE9MgwsEUXSQ5bWW
Failure calling OT_API::LoadPurse in OT_API_LoadPurse.
 Server: 8dlRJnGCjqU5jw7bZaw2AF112UrCZiFfBS9CnJrMWSp
 Asset Type: Bph6oZoC14CxafShXhZPMl1p2o1YE9MgwsEUXSQ5bWW
OTPurse::LoadPurse: File does not exist: purse/8dlRJnGCjqU5jw7bZaw2AF112UrCZiFfBS9CnJrMWSp/lMTANg3U97bwGFJAYKljTXAcy5By6JcLdU4di5AoA4z/Bph6oZoC14CxafShXhZPMl1p2o1YE9MgwsEUXSQ5bWW
Failure calling OT_API::LoadPurse in OT_API_LoadPurse.
 Server: 8dlRJnGCjqU5jw7bZaw2AF112UrCZiFfBS9CnJrMWSp
 Asset Type: Bph6oZoC14CxafShXhZPMl1p2o1YE9MgwsEUXSQ5bWW
OTPurse::LoadPurse: File does not exist: purse/8dlRJnGCjqU5jw7bZaw2AF112UrCZiFfBS9CnJrMWSp/T1Q3wZWgeTUoaUvn9m1lzIK5tn5wITlzxzrGNI8qtaV/lV6acfWoWKB7BcuIXCzvS4aSiqUOjlGgVTyepg1aAsa
Failure calling OT_API::LoadPurse in OT_API_LoadPurse.
 Server: 8dlRJnGCjqU5jw7bZaw2AF112UrCZiFfBS9CnJrMWSp
 Asset Type: lV6acfWoWKB7BcuIXCzvS4aSiqUOjlGgVTyepg1aAsa
OTPurse::LoadPurse: File does not exist: purse/8dlRJnGCjqU5jw7bZaw2AF112UrCZiFfBS9CnJrMWSp/lMTANg3U97bwGFJAYKljTXAcy5By6JcLdU4di5AoA4z/lV6acfWoWKB7BcuIXCzvS4aSiqUOjlGgVTyepg1aAsa
Failure calling OT_API::LoadPurse in OT_API_LoadPurse.
 Server: 8dlRJnGCjqU5jw7bZaw2AF112UrCZiFfBS9CnJrMWSp
 Asset Type: lV6acfWoWKB7BcuIXCzvS4aSiqUOjlGgVTyepg1aAsa
OTPurse::LoadPurse: File does not exist: purse/8dlRJnGCjqU5jw7bZaw2AF112UrCZiFfBS9CnJrMWSp/T1Q3wZWgeTUoaUvn9m1lzIK5tn5wITlzxzrGNI8qtaV/Bph6oZoC14CxafShXhZPMl1p2o1YE9MgwsEUXSQ5bWW
Failure calling OT_API::LoadPurse in OT_API_LoadPurse.
 Server: 8dlRJnGCjqU5jw7bZaw2AF112UrCZiFfBS9CnJrMWSp
 Asset Type: Bph6oZoC14CxafShXhZPMl1p2o1YE9MgwsEUXSQ5bWW
OTPurse::LoadPurse: File does not exist: purse/8dlRJnGCjqU5jw7bZaw2AF112UrCZiFfBS9CnJrMWSp/lMTANg3U97bwGFJAYKljTXAcy5By6JcLdU4di5AoA4z/Bph6oZoC14CxafShXhZPMl1p2o1YE9MgwsEUXSQ5bWW
Failure calling OT_API::LoadPurse in OT_API_LoadPurse.
 Server: 8dlRJnGCjqU5jw7bZaw2AF112UrCZiFfBS9CnJrMWSp
 Asset Type: Bph6oZoC14CxafShXhZPMl1p2o1YE9MgwsEUXSQ5bWW
OTPurse::LoadPurse: File does not exist: purse/8dlRJnGCjqU5jw7bZaw2AF112UrCZiFfBS9CnJrMWSp/T1Q3wZWgeTUoaUvn9m1lzIK5tn5wITlzxzrGNI8qtaV/lV6acfWoWKB7BcuIXCzvS4aSiqUOjlGgVTyepg1aAsa
Failure calling OT_API::LoadPurse in OT_API_LoadPurse.
 Server: 8dlRJnGCjqU5jw7bZaw2AF112UrCZiFfBS9CnJrMWSp
 Asset Type: lV6acfWoWKB7BcuIXCzvS4aSiqUOjlGgVTyepg1aAsa
OTPurse::LoadPurse: File does not exist: purse/8dlRJnGCjqU5jw7bZaw2AF112UrCZiFfBS9CnJrMWSp/lMTANg3U97bwGFJAYKljTXAcy5By6JcLdU4di5AoA4z/lV6acfWoWKB7BcuIXCzvS4aSiqUOjlGgVTyepg1aAsa
Failure calling OT_API::LoadPurse in OT_API_LoadPurse.
 Server: 8dlRJnGCjqU5jw7bZaw2AF112UrCZiFfBS9CnJrMWSp
 Asset Type: lV6acfWoWKB7BcuIXCzvS4aSiqUOjlGgVTyepg1aAsa
OTPurse::LoadPurse: File does not exist: purse/8dlRJnGCjqU5jw7bZaw2AF112UrCZiFfBS9CnJrMWSp/T1Q3wZWgeTUoaUvn9m1lzIK5tn5wITlzxzrGNI8qtaV/Bph6oZoC14CxafShXhZPMl1p2o1YE9MgwsEUXSQ5bWW
Failure calling OT_API::LoadPurse in OT_API_LoadPurse.
 Server: 8dlRJnGCjqU5jw7bZaw2AF112UrCZiFfBS9CnJrMWSp
 Asset Type: Bph6oZoC14CxafShXhZPMl1p2o1YE9MgwsEUXSQ5bWW
OTPurse::LoadPurse: File does not exist: purse/8dlRJnGCjqU5jw7bZaw2AF112UrCZiFfBS9CnJrMWSp/lMTANg3U97bwGFJAYKljTXAcy5By6JcLdU4di5AoA4z/Bph6oZoC14CxafShXhZPMl1p2o1YE9MgwsEUXSQ5bWW
Failure calling OT_API::LoadPurse in OT_API_LoadPurse.
 Server: 8dlRJnGCjqU5jw7bZaw2AF112UrCZiFfBS9CnJrMWSp
 Asset Type: Bph6oZoC14CxafShXhZPMl1p2o1YE9MgwsEUXSQ5bWW
OTPurse::LoadPurse: File does not exist: purse/8dlRJnGCjqU5jw7bZaw2AF112UrCZiFfBS9CnJrMWSp/T1Q3wZWgeTUoaUvn9m1lzIK5tn5wITlzxzrGNI8qtaV/lV6acfWoWKB7BcuIXCzvS4aSiqUOjlGgVTyepg1aAsa
Failure calling OT_API::LoadPurse in OT_API_LoadPurse.
 Server: 8dlRJnGCjqU5jw7bZaw2AF112UrCZiFfBS9CnJrMWSp
 Asset Type: lV6acfWoWKB7BcuIXCzvS4aSiqUOjlGgVTyepg1aAsa
OTPurse::LoadPurse: File does not exist: purse/8dlRJnGCjqU5jw7bZaw2AF112UrCZiFfBS9CnJrMWSp/lMTANg3U97bwGFJAYKljTXAcy5By6JcLdU4di5AoA4z/lV6acfWoWKB7BcuIXCzvS4aSiqUOjlGgVTyepg1aAsa
Failure calling OT_API::LoadPurse in OT_API_LoadPurse.
 Server: 8dlRJnGCjqU5jw7bZaw2AF112UrCZiFfBS9CnJrMWSp
 Asset Type: lV6acfWoWKB7BcuIXCzvS4aSiqUOjlGgVTyepg1aAsa
OTPurse::LoadPurse: File does not exist: purse/8dlRJnGCjqU5jw7bZaw2AF112UrCZiFfBS9CnJrMWSp/T1Q3wZWgeTUoaUvn9m1lzIK5tn5wITlzxzrGNI8qtaV/Bph6oZoC14CxafShXhZPMl1p2o1YE9MgwsEUXSQ5bWW
Failure calling OT_API::LoadPurse in OT_API_LoadPurse.
 Server: 8dlRJnGCjqU5jw7bZaw2AF112UrCZiFfBS9CnJrMWSp
 Asset Type: Bph6oZoC14CxafShXhZPMl1p2o1YE9MgwsEUXSQ5bWW
OTPurse::LoadPurse: File does not exist: purse/8dlRJnGCjqU5jw7bZaw2AF112UrCZiFfBS9CnJrMWSp/lMTANg3U97bwGFJAYKljTXAcy5By6JcLdU4di5AoA4z/Bph6oZoC14CxafShXhZPMl1p2o1YE9MgwsEUXSQ5bWW
Failure calling OT_API::LoadPurse in OT_API_LoadPurse.
 Server: 8dlRJnGCjqU5jw7bZaw2AF112UrCZiFfBS9CnJrMWSp
 Asset Type: Bph6oZoC14CxafShXhZPMl1p2o1YE9MgwsEUXSQ5bWW
OTPurse::LoadPurse: File does not exist: purse/8dlRJnGCjqU5jw7bZaw2AF112UrCZiFfBS9CnJrMWSp/T1Q3wZWgeTUoaUvn9m1lzIK5tn5wITlzxzrGNI8qtaV/lV6acfWoWKB7BcuIXCzvS4aSiqUOjlGgVTyepg1aAsa
Failure calling OT_API::LoadPurse in OT_API_LoadPurse.
 Server: 8dlRJnGCjqU5jw7bZaw2AF112UrCZiFfBS9CnJrMWSp
 Asset Type: lV6acfWoWKB7BcuIXCzvS4aSiqUOjlGgVTyepg1aAsa
OTPurse::LoadPurse: File does not exist: purse/8dlRJnGCjqU5jw7bZaw2AF112UrCZiFfBS9CnJrMWSp/lMTANg3U97bwGFJAYKljTXAcy5By6JcLdU4di5AoA4z/lV6acfWoWKB7BcuIXCzvS4aSiqUOjlGgVTyepg1aAsa
Failure calling OT_API::LoadPurse in OT_API_LoadPurse.
 Server: 8dlRJnGCjqU5jw7bZaw2AF112UrCZiFfBS9CnJrMWSp
 Asset Type: lV6acfWoWKB7BcuIXCzvS4aSiqUOjlGgVTyepg1aAsa
Error erasing file in StorageFS::onEraseValueByKey: /Users/au/.ot/client_data/markets/8dlRJnGCjqU5jw7bZaw2AF112UrCZiFfBS9CnJrMWSp/market_data.bin
Failed trying to erase a value, in Storage::EraseValueByKey (while calling onEraseValueByKey) 
Error erasing market list from market folder: market_data.bin 
Message sent via ZMQ...

Error erasing file in StorageFS::onEraseValueByKey: /Users/au/.ot/client_data/markets/8dlRJnGCjqU5jw7bZaw2AF112UrCZiFfBS9CnJrMWSp/market_data.bin
Failed trying to erase a value, in Storage::EraseValueByKey (while calling onEraseValueByKey) 
Error erasing market list from market folder: market_data.bin 
Message sent via ZMQ...

Error erasing file in StorageFS::onEraseValueByKey: /Users/au/.ot/client_data/markets/8dlRJnGCjqU5jw7bZaw2AF112UrCZiFfBS9CnJrMWSp/market_data.bin
Failed trying to erase a value, in Storage::EraseValueByKey (while calling onEraseValueByKey) 
Error erasing market list from market folder: market_data.bin 
Message sent via ZMQ...

Error erasing file in StorageFS::onEraseValueByKey: /Users/au/.ot/client_data/markets/8dlRJnGCjqU5jw7bZaw2AF112UrCZiFfBS9CnJrMWSp/market_data.bin
Failed trying to erase a value, in Storage::EraseValueByKey (while calling onEraseValueByKey) 
Error erasing market list from market folder: market_data.bin 
Message sent via ZMQ...

Received server response to Get Inbox message.
===> ** LAST SIGNED BALANCE RECEIPT *VERIFIED* against latest nym, account, outbox, and/or inbox!

Message sent via ZMQ...

Saving updated account file to disk...
Message sent via ZMQ...

Received server response to Get Outbox message.
Message sent via ZMQ...

Setting log level to: 0
Setting latency send_no_tries to: 5
Setting latency send_ms to: 200
Setting latency receive_no_tries to: 25
Setting latency receive_ms to: 200
Expected a data_folder path, and a wallet filename, but got this: /Users/au/.ot/client_data/
Make sure to call LoadWallet.
Using client_data path:  /Users/au/.ot/client_data

LOOKING FOR INSTRUCTIONS for the OT COMMAND LINE?
Try:   quit
Followed by:  ot -?
or:    ot -h
or:    ot --help

(NOW ENTERING OT PROMPT) 
Type "Help" at the OT> prompt to see contents of ~/.ot/CLIENT-COMMANDS.txt

Using 'test' pass phrase for "(null)"

OT> .
..
...
....
.....
......
.......
........
.........
..........
...........
............
.............
User has instructed to display wallet contents...

-------------------------------------------------
WALLET STATISTICS:

PSEUDONYM(s):

==> Name: FT's Test Nym
 Version: 1.0
Nym (aka User) ID: T1Q3wZWgeTUoaUvn9m1lzIK5tn5wITlzxzrGNI8qtaV
Request Number is 172 for server ID: 8dlRJnGCjqU5jw7bZaw2AF112UrCZiFfBS9CnJrMWSp
Signed for Transaction# 2098 for server ID: 8dlRJnGCjqU5jw7bZaw2AF112UrCZiFfBS9CnJrMWSp
Signed for Transaction# 2096 for server ID: 8dlRJnGCjqU5jw7bZaw2AF112UrCZiFfBS9CnJrMWSp
Signed for Transaction# 2095 for server ID: 8dlRJnGCjqU5jw7bZaw2AF112UrCZiFfBS9CnJrMWSp
Signed for Transaction# 2094 for server ID: 8dlRJnGCjqU5jw7bZaw2AF112UrCZiFfBS9CnJrMWSp
Signed for Transaction# 2093 for server ID: 8dlRJnGCjqU5jw7bZaw2AF112UrCZiFfBS9CnJrMWSp
Signed for Transaction# 2092 for server ID: 8dlRJnGCjqU5jw7bZaw2AF112UrCZiFfBS9CnJrMWSp
Signed for Transaction# 2091 for server ID: 8dlRJnGCjqU5jw7bZaw2AF112UrCZiFfBS9CnJrMWSp
Signed for Transaction# 2090 for server ID: 8dlRJnGCjqU5jw7bZaw2AF112UrCZiFfBS9CnJrMWSp
Signed for Transaction# 2089 for server ID: 8dlRJnGCjqU5jw7bZaw2AF112UrCZiFfBS9CnJrMWSp
Signed for Transaction# 2072 for server ID: 8dlRJnGCjqU5jw7bZaw2AF112UrCZiFfBS9CnJrMWSp
Signed for Transaction# 2071 for server ID: 8dlRJnGCjqU5jw7bZaw2AF112UrCZiFfBS9CnJrMWSp
Signed for Transaction# 2070 for server ID: 8dlRJnGCjqU5jw7bZaw2AF112UrCZiFfBS9CnJrMWSp
Signed for Transaction# 2069 for server ID: 8dlRJnGCjqU5jw7bZaw2AF112UrCZiFfBS9CnJrMWSp
Signed for Transaction# 2068 for server ID: 8dlRJnGCjqU5jw7bZaw2AF112UrCZiFfBS9CnJrMWSp
Signed for Transaction# 2067 for server ID: 8dlRJnGCjqU5jw7bZaw2AF112UrCZiFfBS9CnJrMWSp
Signed for Transaction# 2066 for server ID: 8dlRJnGCjqU5jw7bZaw2AF112UrCZiFfBS9CnJrMWSp
Signed for Transaction# 2065 for server ID: 8dlRJnGCjqU5jw7bZaw2AF112UrCZiFfBS9CnJrMWSp
Signed for Transaction# 2064 for server ID: 8dlRJnGCjqU5jw7bZaw2AF112UrCZiFfBS9CnJrMWSp
Signed for Transaction# 2063 for server ID: 8dlRJnGCjqU5jw7bZaw2AF112UrCZiFfBS9CnJrMWSp
Transaction# 2096 still available for server ID: 8dlRJnGCjqU5jw7bZaw2AF112UrCZiFfBS9CnJrMWSp
Transaction# 2095 still available for server ID: 8dlRJnGCjqU5jw7bZaw2AF112UrCZiFfBS9CnJrMWSp
Transaction# 2094 still available for server ID: 8dlRJnGCjqU5jw7bZaw2AF112UrCZiFfBS9CnJrMWSp
Transaction# 2093 still available for server ID: 8dlRJnGCjqU5jw7bZaw2AF112UrCZiFfBS9CnJrMWSp
Transaction# 2092 still available for server ID: 8dlRJnGCjqU5jw7bZaw2AF112UrCZiFfBS9CnJrMWSp
Transaction# 2091 still available for server ID: 8dlRJnGCjqU5jw7bZaw2AF112UrCZiFfBS9CnJrMWSp
Transaction# 2090 still available for server ID: 8dlRJnGCjqU5jw7bZaw2AF112UrCZiFfBS9CnJrMWSp
Transaction# 2089 still available for server ID: 8dlRJnGCjqU5jw7bZaw2AF112UrCZiFfBS9CnJrMWSp
Transaction# 2071 still available for server ID: 8dlRJnGCjqU5jw7bZaw2AF112UrCZiFfBS9CnJrMWSp
Transaction# 2070 still available for server ID: 8dlRJnGCjqU5jw7bZaw2AF112UrCZiFfBS9CnJrMWSp
Transaction# 2069 still available for server ID: 8dlRJnGCjqU5jw7bZaw2AF112UrCZiFfBS9CnJrMWSp
Transaction# 2068 still available for server ID: 8dlRJnGCjqU5jw7bZaw2AF112UrCZiFfBS9CnJrMWSp
Transaction# 2067 still available for server ID: 8dlRJnGCjqU5jw7bZaw2AF112UrCZiFfBS9CnJrMWSp
Transaction# 2066 still available for server ID: 8dlRJnGCjqU5jw7bZaw2AF112UrCZiFfBS9CnJrMWSp
Transaction# 2065 still available for server ID: 8dlRJnGCjqU5jw7bZaw2AF112UrCZiFfBS9CnJrMWSp
Transaction# 2064 still available for server ID: 8dlRJnGCjqU5jw7bZaw2AF112UrCZiFfBS9CnJrMWSp
Transaction# 2063 still available for server ID: 8dlRJnGCjqU5jw7bZaw2AF112UrCZiFfBS9CnJrMWSp
==> Name: Trader Bob
 Version: 1.0
Nym (aka User) ID: lMTANg3U97bwGFJAYKljTXAcy5By6JcLdU4di5AoA4z
Request Number is 40 for server ID: 8dlRJnGCjqU5jw7bZaw2AF112UrCZiFfBS9CnJrMWSp
Signed for Transaction# 2086 for server ID: 8dlRJnGCjqU5jw7bZaw2AF112UrCZiFfBS9CnJrMWSp
Signed for Transaction# 2085 for server ID: 8dlRJnGCjqU5jw7bZaw2AF112UrCZiFfBS9CnJrMWSp
Signed for Transaction# 2084 for server ID: 8dlRJnGCjqU5jw7bZaw2AF112UrCZiFfBS9CnJrMWSp
Signed for Transaction# 2083 for server ID: 8dlRJnGCjqU5jw7bZaw2AF112UrCZiFfBS9CnJrMWSp
Signed for Transaction# 2082 for server ID: 8dlRJnGCjqU5jw7bZaw2AF112UrCZiFfBS9CnJrMWSp
Signed for Transaction# 2081 for server ID: 8dlRJnGCjqU5jw7bZaw2AF112UrCZiFfBS9CnJrMWSp
Signed for Transaction# 2080 for server ID: 8dlRJnGCjqU5jw7bZaw2AF112UrCZiFfBS9CnJrMWSp
Signed for Transaction# 2079 for server ID: 8dlRJnGCjqU5jw7bZaw2AF112UrCZiFfBS9CnJrMWSp
Signed for Transaction# 2078 for server ID: 8dlRJnGCjqU5jw7bZaw2AF112UrCZiFfBS9CnJrMWSp
Transaction# 2086 still available for server ID: 8dlRJnGCjqU5jw7bZaw2AF112UrCZiFfBS9CnJrMWSp
Transaction# 2085 still available for server ID: 8dlRJnGCjqU5jw7bZaw2AF112UrCZiFfBS9CnJrMWSp
Transaction# 2084 still available for server ID: 8dlRJnGCjqU5jw7bZaw2AF112UrCZiFfBS9CnJrMWSp
Transaction# 2083 still available for server ID: 8dlRJnGCjqU5jw7bZaw2AF112UrCZiFfBS9CnJrMWSp
Transaction# 2082 still available for server ID: 8dlRJnGCjqU5jw7bZaw2AF112UrCZiFfBS9CnJrMWSp
Transaction# 2081 still available for server ID: 8dlRJnGCjqU5jw7bZaw2AF112UrCZiFfBS9CnJrMWSp
Transaction# 2080 still available for server ID: 8dlRJnGCjqU5jw7bZaw2AF112UrCZiFfBS9CnJrMWSp
Transaction# 2079 still available for server ID: 8dlRJnGCjqU5jw7bZaw2AF112UrCZiFfBS9CnJrMWSp
Transaction# 2078 still available for server ID: 8dlRJnGCjqU5jw7bZaw2AF112UrCZiFfBS9CnJrMWSp

-------------------------------------------------
ASSET CONTRACTS:

 Asset Type:  game tokens
 AssetTypeID: Bph6oZoC14CxafShXhZPMl1p2o1YE9MgwsEUXSQ5bWW

 Asset Type:  silver grams
 AssetTypeID: lV6acfWoWKB7BcuIXCzvS4aSiqUOjlGgVTyepg1aAsa

-------------------------------------------------
SERVER CONTRACTS:

 Notary Provider: Localhost Server Contract
 ServerID: 8dlRJnGCjqU5jw7bZaw2AF112UrCZiFfBS9CnJrMWSp

-------------------------------------------------
ACCOUNTS:

 Asset Account (issuer) Name: Issuer - Silver
 Last retrieved Balance: -1100000  on date: 1317384367
 accountID: 2AfeY3zyTdKk2Y14FAZoNZBk8skKRYea6ODXoMP80Hh
 userID: T1Q3wZWgeTUoaUvn9m1lzIK5tn5wITlzxzrGNI8qtaV
 serverID: 8dlRJnGCjqU5jw7bZaw2AF112UrCZiFfBS9CnJrMWSp
 assetTypeID: lV6acfWoWKB7BcuIXCzvS4aSiqUOjlGgVTyepg1aAsa

-------------------------------------------------

 Asset Account (simple) Name: Bob's Game Tokens
 Last retrieved Balance: 0  on date: 1317384638
 accountID: 7BFSwbMVNfmV7AkYzpWEUglD2UIdhDExU0o2fp4ndu1
 userID: lMTANg3U97bwGFJAYKljTXAcy5By6JcLdU4di5AoA4z
 serverID: 8dlRJnGCjqU5jw7bZaw2AF112UrCZiFfBS9CnJrMWSp
 assetTypeID: Bph6oZoC14CxafShXhZPMl1p2o1YE9MgwsEUXSQ5bWW

-------------------------------------------------

 Asset Account (simple) Name: FT's Game Tokens
 Last retrieved Balance: 50000  on date: 1317384570
 accountID: d9TPxsgkl2slYcoDRetwZLCTfTYXMvSQlGBlNDgukb3
 userID: T1Q3wZWgeTUoaUvn9m1lzIK5tn5wITlzxzrGNI8qtaV
 serverID: 8dlRJnGCjqU5jw7bZaw2AF112UrCZiFfBS9CnJrMWSp
 assetTypeID: Bph6oZoC14CxafShXhZPMl1p2o1YE9MgwsEUXSQ5bWW

-------------------------------------------------

 Asset Account (issuer) Name: Issuer - Game Tokens
 Last retrieved Balance: -50000  on date: 1317384549
 accountID: dTdYH5UF9vdFNSAPV7XrmsJBR5Z7Rrl5b78UTmg83TS
 userID: T1Q3wZWgeTUoaUvn9m1lzIK5tn5wITlzxzrGNI8qtaV
 serverID: 8dlRJnGCjqU5jw7bZaw2AF112UrCZiFfBS9CnJrMWSp
 assetTypeID: Bph6oZoC14CxafShXhZPMl1p2o1YE9MgwsEUXSQ5bWW

-------------------------------------------------

 Asset Account (simple) Name: Bob's Silver
 Last retrieved Balance: 1000000  on date: 1317384393
 accountID: qcHaITqTkP3LjQEXT5pmFpDhdvDhY6hgbsMQFDBW85y
 userID: lMTANg3U97bwGFJAYKljTXAcy5By6JcLdU4di5AoA4z
 serverID: 8dlRJnGCjqU5jw7bZaw2AF112UrCZiFfBS9CnJrMWSp
 assetTypeID: lV6acfWoWKB7BcuIXCzvS4aSiqUOjlGgVTyepg1aAsa

-------------------------------------------------

 Asset Account (simple) Name: FT's Silver
 Last retrieved Balance: 100000  on date: 1316037257
 accountID: sSBcoTlTkYY8pPv6vh2KD6mIVrRdIwodgsWDoJzIfpV
 userID: T1Q3wZWgeTUoaUvn9m1lzIK5tn5wITlzxzrGNI8qtaV
 serverID: 8dlRJnGCjqU5jw7bZaw2AF112UrCZiFfBS9CnJrMWSp
 assetTypeID: lV6acfWoWKB7BcuIXCzvS4aSiqUOjlGgVTyepg1aAsa

-------------------------------------------------



OT> .
..
...
....
.....
......
.......
........
.........
..........
...........
............
.............
(User has instructed to send an issueBasket command to the server...)
How many different asset types will compose this new basket? [2]: If your basket has a minimum transfer amount of 100, you might have 2 or 3 sub-currencies,
with the first being a minimum of 2 gold, the second being a minimum of 50 dollars, and the
third being a minimum of 30 silver. In this example, 100 units of the basket currency is
transferrable in or out of the basket currency, in return for 2 gold, 50 dollars, and 30 silver.
As those are only the *minimum* amounts, you could also transfer (in or out) in *any* multiple of
those numbers.

What is the minimum transfer amount for the basket currency itself? [100]: Enter contract ID # 1: Enter minimum transfer amount for that asset type: Enter contract ID # 2: Enter minimum transfer amount for that asset type: 
OT> .
..
...
....
.....
......
.......
........
.........
..........
...........
............
.............
User has instructed to display wallet contents...

-------------------------------------------------
WALLET STATISTICS:

PSEUDONYM(s):

==> Name: FT's Test Nym
 Version: 1.0
Nym (aka User) ID: T1Q3wZWgeTUoaUvn9m1lzIK5tn5wITlzxzrGNI8qtaV
Request Number is 173 for server ID: 8dlRJnGCjqU5jw7bZaw2AF112UrCZiFfBS9CnJrMWSp
Signed for Transaction# 2098 for server ID: 8dlRJnGCjqU5jw7bZaw2AF112UrCZiFfBS9CnJrMWSp
Signed for Transaction# 2096 for server ID: 8dlRJnGCjqU5jw7bZaw2AF112UrCZiFfBS9CnJrMWSp
Signed for Transaction# 2095 for server ID: 8dlRJnGCjqU5jw7bZaw2AF112UrCZiFfBS9CnJrMWSp
Signed for Transaction# 2094 for server ID: 8dlRJnGCjqU5jw7bZaw2AF112UrCZiFfBS9CnJrMWSp
Signed for Transaction# 2093 for server ID: 8dlRJnGCjqU5jw7bZaw2AF112UrCZiFfBS9CnJrMWSp
Signed for Transaction# 2092 for server ID: 8dlRJnGCjqU5jw7bZaw2AF112UrCZiFfBS9CnJrMWSp
Signed for Transaction# 2091 for server ID: 8dlRJnGCjqU5jw7bZaw2AF112UrCZiFfBS9CnJrMWSp
Signed for Transaction# 2090 for server ID: 8dlRJnGCjqU5jw7bZaw2AF112UrCZiFfBS9CnJrMWSp
Signed for Transaction# 2089 for server ID: 8dlRJnGCjqU5jw7bZaw2AF112UrCZiFfBS9CnJrMWSp
Signed for Transaction# 2072 for server ID: 8dlRJnGCjqU5jw7bZaw2AF112UrCZiFfBS9CnJrMWSp
Signed for Transaction# 2071 for server ID: 8dlRJnGCjqU5jw7bZaw2AF112UrCZiFfBS9CnJrMWSp
Signed for Transaction# 2070 for server ID: 8dlRJnGCjqU5jw7bZaw2AF112UrCZiFfBS9CnJrMWSp
Signed for Transaction# 2069 for server ID: 8dlRJnGCjqU5jw7bZaw2AF112UrCZiFfBS9CnJrMWSp
Signed for Transaction# 2068 for server ID: 8dlRJnGCjqU5jw7bZaw2AF112UrCZiFfBS9CnJrMWSp
Signed for Transaction# 2067 for server ID: 8dlRJnGCjqU5jw7bZaw2AF112UrCZiFfBS9CnJrMWSp
Signed for Transaction# 2066 for server ID: 8dlRJnGCjqU5jw7bZaw2AF112UrCZiFfBS9CnJrMWSp
Signed for Transaction# 2065 for server ID: 8dlRJnGCjqU5jw7bZaw2AF112UrCZiFfBS9CnJrMWSp
Signed for Transaction# 2064 for server ID: 8dlRJnGCjqU5jw7bZaw2AF112UrCZiFfBS9CnJrMWSp
Signed for Transaction# 2063 for server ID: 8dlRJnGCjqU5jw7bZaw2AF112UrCZiFfBS9CnJrMWSp
Transaction# 2096 still available for server ID: 8dlRJnGCjqU5jw7bZaw2AF112UrCZiFfBS9CnJrMWSp
Transaction# 2095 still available for server ID: 8dlRJnGCjqU5jw7bZaw2AF112UrCZiFfBS9CnJrMWSp
Transaction# 2094 still available for server ID: 8dlRJnGCjqU5jw7bZaw2AF112UrCZiFfBS9CnJrMWSp
Transaction# 2093 still available for server ID: 8dlRJnGCjqU5jw7bZaw2AF112UrCZiFfBS9CnJrMWSp
Transaction# 2092 still available for server ID: 8dlRJnGCjqU5jw7bZaw2AF112UrCZiFfBS9CnJrMWSp
Transaction# 2091 still available for server ID: 8dlRJnGCjqU5jw7bZaw2AF112UrCZiFfBS9CnJrMWSp
Transaction# 2090 still available for server ID: 8dlRJnGCjqU5jw7bZaw2AF112UrCZiFfBS9CnJrMWSp
Transaction# 2089 still available for server ID: 8dlRJnGCjqU5jw7bZaw2AF112UrCZiFfBS9CnJrMWSp
Transaction# 2071 still available for server ID: 8dlRJnGCjqU5jw7bZaw2AF112UrCZiFfBS9CnJrMWSp
Transaction# 2070 still available for server ID: 8dlRJnGCjqU5jw7bZaw2AF112UrCZiFfBS9CnJrMWSp
Transaction# 2069 still available for server ID: 8dlRJnGCjqU5jw7bZaw2AF112UrCZiFfBS9CnJrMWSp
Transaction# 2068 still available for server ID: 8dlRJnGCjqU5jw7bZaw2AF112UrCZiFfBS9CnJrMWSp
Transaction# 2067 still available for server ID: 8dlRJnGCjqU5jw7bZaw2AF112UrCZiFfBS9CnJrMWSp
Transaction# 2066 still available for server ID: 8dlRJnGCjqU5jw7bZaw2AF112UrCZiFfBS9CnJrMWSp
Transaction# 2065 still available for server ID: 8dlRJnGCjqU5jw7bZaw2AF112UrCZiFfBS9CnJrMWSp
Transaction# 2064 still available for server ID: 8dlRJnGCjqU5jw7bZaw2AF112UrCZiFfBS9CnJrMWSp
Transaction# 2063 still available for server ID: 8dlRJnGCjqU5jw7bZaw2AF112UrCZiFfBS9CnJrMWSp
==> Name: Trader Bob
 Version: 1.0
Nym (aka User) ID: lMTANg3U97bwGFJAYKljTXAcy5By6JcLdU4di5AoA4z
Request Number is 40 for server ID: 8dlRJnGCjqU5jw7bZaw2AF112UrCZiFfBS9CnJrMWSp
Signed for Transaction# 2086 for server ID: 8dlRJnGCjqU5jw7bZaw2AF112UrCZiFfBS9CnJrMWSp
Signed for Transaction# 2085 for server ID: 8dlRJnGCjqU5jw7bZaw2AF112UrCZiFfBS9CnJrMWSp
Signed for Transaction# 2084 for server ID: 8dlRJnGCjqU5jw7bZaw2AF112UrCZiFfBS9CnJrMWSp
Signed for Transaction# 2083 for server ID: 8dlRJnGCjqU5jw7bZaw2AF112UrCZiFfBS9CnJrMWSp
Signed for Transaction# 2082 for server ID: 8dlRJnGCjqU5jw7bZaw2AF112UrCZiFfBS9CnJrMWSp
Signed for Transaction# 2081 for server ID: 8dlRJnGCjqU5jw7bZaw2AF112UrCZiFfBS9CnJrMWSp
Signed for Transaction# 2080 for server ID: 8dlRJnGCjqU5jw7bZaw2AF112UrCZiFfBS9CnJrMWSp
Signed for Transaction# 2079 for server ID: 8dlRJnGCjqU5jw7bZaw2AF112UrCZiFfBS9CnJrMWSp
Signed for Transaction# 2078 for server ID: 8dlRJnGCjqU5jw7bZaw2AF112UrCZiFfBS9CnJrMWSp
Transaction# 2086 still available for server ID: 8dlRJnGCjqU5jw7bZaw2AF112UrCZiFfBS9CnJrMWSp
Transaction# 2085 still available for server ID: 8dlRJnGCjqU5jw7bZaw2AF112UrCZiFfBS9CnJrMWSp
Transaction# 2084 still available for server ID: 8dlRJnGCjqU5jw7bZaw2AF112UrCZiFfBS9CnJrMWSp
Transaction# 2083 still available for server ID: 8dlRJnGCjqU5jw7bZaw2AF112UrCZiFfBS9CnJrMWSp
Transaction# 2082 still available for server ID: 8dlRJnGCjqU5jw7bZaw2AF112UrCZiFfBS9CnJrMWSp
Transaction# 2081 still available for server ID: 8dlRJnGCjqU5jw7bZaw2AF112UrCZiFfBS9CnJrMWSp
Transaction# 2080 still available for server ID: 8dlRJnGCjqU5jw7bZaw2AF112UrCZiFfBS9CnJrMWSp
Transaction# 2079 still available for server ID: 8dlRJnGCjqU5jw7bZaw2AF112UrCZiFfBS9CnJrMWSp
Transaction# 2078 still available for server ID: 8dlRJnGCjqU5jw7bZaw2AF112UrCZiFfBS9CnJrMWSp

-------------------------------------------------
ASSET CONTRACTS:

 Asset Type:  game tokens
 AssetTypeID: Bph6oZoC14CxafShXhZPMl1p2o1YE9MgwsEUXSQ5bWW

 Asset Type:  silver grams
 AssetTypeID: lV6acfWoWKB7BcuIXCzvS4aSiqUOjlGgVTyepg1aAsa

-------------------------------------------------
SERVER CONTRACTS:

 Notary Provider: Localhost Server Contract
 ServerID: 8dlRJnGCjqU5jw7bZaw2AF112UrCZiFfBS9CnJrMWSp

-------------------------------------------------
ACCOUNTS:

 Asset Account (issuer) Name: Issuer - Silver
 Last retrieved Balance: -1100000  on date: 1317384367
 accountID: 2AfeY3zyTdKk2Y14FAZoNZBk8skKRYea6ODXoMP80Hh
 userID: T1Q3wZWgeTUoaUvn9m1lzIK5tn5wITlzxzrGNI8qtaV
 serverID: 8dlRJnGCjqU5jw7bZaw2AF112UrCZiFfBS9CnJrMWSp
 assetTypeID: lV6acfWoWKB7BcuIXCzvS4aSiqUOjlGgVTyepg1aAsa

-------------------------------------------------

 Asset Account (simple) Name: Bob's Game Tokens
 Last retrieved Balance: 0  on date: 1317384638
 accountID: 7BFSwbMVNfmV7AkYzpWEUglD2UIdhDExU0o2fp4ndu1
 userID: lMTANg3U97bwGFJAYKljTXAcy5By6JcLdU4di5AoA4z
 serverID: 8dlRJnGCjqU5jw7bZaw2AF112UrCZiFfBS9CnJrMWSp
 assetTypeID: Bph6oZoC14CxafShXhZPMl1p2o1YE9MgwsEUXSQ5bWW

-------------------------------------------------

 Asset Account (simple) Name: FT's Game Tokens
 Last retrieved Balance: 50000  on date: 1317384570
 accountID: d9TPxsgkl2slYcoDRetwZLCTfTYXMvSQlGBlNDgukb3
 userID: T1Q3wZWgeTUoaUvn9m1lzIK5tn5wITlzxzrGNI8qtaV
 serverID: 8dlRJnGCjqU5jw7bZaw2AF112UrCZiFfBS9CnJrMWSp
 assetTypeID: Bph6oZoC14CxafShXhZPMl1p2o1YE9MgwsEUXSQ5bWW

-------------------------------------------------

 Asset Account (issuer) Name: Issuer - Game Tokens
 Last retrieved Balance: -50000  on date: 1317384549
 accountID: dTdYH5UF9vdFNSAPV7XrmsJBR5Z7Rrl5b78UTmg83TS
 userID: T1Q3wZWgeTUoaUvn9m1lzIK5tn5wITlzxzrGNI8qtaV
 serverID: 8dlRJnGCjqU5jw7bZaw2AF112UrCZiFfBS9CnJrMWSp
 assetTypeID: Bph6oZoC14CxafShXhZPMl1p2o1YE9MgwsEUXSQ5bWW

-------------------------------------------------

 Asset Account (simple) Name: Bob's Silver
 Last retrieved Balance: 1000000  on date: 1317384393
 accountID: qcHaITqTkP3LjQEXT5pmFpDhdvDhY6hgbsMQFDBW85y
 userID: lMTANg3U97bwGFJAYKljTXAcy5By6JcLdU4di5AoA4z
 serverID: 8dlRJnGCjqU5jw7bZaw2AF112UrCZiFfBS9CnJrMWSp
 assetTypeID: lV6acfWoWKB7BcuIXCzvS4aSiqUOjlGgVTyepg1aAsa

-------------------------------------------------

 Asset Account (simple) Name: FT's Silver
 Last retrieved Balance: 100000  on date: 1316037257
 accountID: sSBcoTlTkYY8pPv6vh2KD6mIVrRdIwodgsWDoJzIfpV
 userID: T1Q3wZWgeTUoaUvn9m1lzIK5tn5wITlzxzrGNI8qtaV
 serverID: 8dlRJnGCjqU5jw7bZaw2AF112UrCZiFfBS9CnJrMWSp
 assetTypeID: lV6acfWoWKB7BcuIXCzvS4aSiqUOjlGgVTyepg1aAsa

-------------------------------------------------



OT> .
..
...
....
.....
......
.......
........
.........
..........
...........
............
.............
(User has instructed to send a getContract command to the server...)
Please enter an asset type ID: 
OT> .
..
...
....
.....
......
.......
........
.........
..........
...........
............
.............
User has instructed to display wallet contents...

-------------------------------------------------
WALLET STATISTICS:

PSEUDONYM(s):

==> Name: FT's Test Nym
 Version: 1.0
Nym (aka User) ID: T1Q3wZWgeTUoaUvn9m1lzIK5tn5wITlzxzrGNI8qtaV
Request Number is 174 for server ID: 8dlRJnGCjqU5jw7bZaw2AF112UrCZiFfBS9CnJrMWSp
Signed for Transaction# 2098 for server ID: 8dlRJnGCjqU5jw7bZaw2AF112UrCZiFfBS9CnJrMWSp
Signed for Transaction# 2096 for server ID: 8dlRJnGCjqU5jw7bZaw2AF112UrCZiFfBS9CnJrMWSp
Signed for Transaction# 2095 for server ID: 8dlRJnGCjqU5jw7bZaw2AF112UrCZiFfBS9CnJrMWSp
Signed for Transaction# 2094 for server ID: 8dlRJnGCjqU5jw7bZaw2AF112UrCZiFfBS9CnJrMWSp
Signed for Transaction# 2093 for server ID: 8dlRJnGCjqU5jw7bZaw2AF112UrCZiFfBS9CnJrMWSp
Signed for Transaction# 2092 for server ID: 8dlRJnGCjqU5jw7bZaw2AF112UrCZiFfBS9CnJrMWSp
Signed for Transaction# 2091 for server ID: 8dlRJnGCjqU5jw7bZaw2AF112UrCZiFfBS9CnJrMWSp
Signed for Transaction# 2090 for server ID: 8dlRJnGCjqU5jw7bZaw2AF112UrCZiFfBS9CnJrMWSp
Signed for Transaction# 2089 for server ID: 8dlRJnGCjqU5jw7bZaw2AF112UrCZiFfBS9CnJrMWSp
Signed for Transaction# 2072 for server ID: 8dlRJnGCjqU5jw7bZaw2AF112UrCZiFfBS9CnJrMWSp
Signed for Transaction# 2071 for server ID: 8dlRJnGCjqU5jw7bZaw2AF112UrCZiFfBS9CnJrMWSp
Signed for Transaction# 2070 for server ID: 8dlRJnGCjqU5jw7bZaw2AF112UrCZiFfBS9CnJrMWSp
Signed for Transaction# 2069 for server ID: 8dlRJnGCjqU5jw7bZaw2AF112UrCZiFfBS9CnJrMWSp
Signed for Transaction# 2068 for server ID: 8dlRJnGCjqU5jw7bZaw2AF112UrCZiFfBS9CnJrMWSp
Signed for Transaction# 2067 for server ID: 8dlRJnGCjqU5jw7bZaw2AF112UrCZiFfBS9CnJrMWSp
Signed for Transaction# 2066 for server ID: 8dlRJnGCjqU5jw7bZaw2AF112UrCZiFfBS9CnJrMWSp
Signed for Transaction# 2065 for server ID: 8dlRJnGCjqU5jw7bZaw2AF112UrCZiFfBS9CnJrMWSp
Signed for Transaction# 2064 for server ID: 8dlRJnGCjqU5jw7bZaw2AF112UrCZiFfBS9CnJrMWSp
Signed for Transaction# 2063 for server ID: 8dlRJnGCjqU5jw7bZaw2AF112UrCZiFfBS9CnJrMWSp
Transaction# 2096 still available for server ID: 8dlRJnGCjqU5jw7bZaw2AF112UrCZiFfBS9CnJrMWSp
Transaction# 2095 still available for server ID: 8dlRJnGCjqU5jw7bZaw2AF112UrCZiFfBS9CnJrMWSp
Transaction# 2094 still available for server ID: 8dlRJnGCjqU5jw7bZaw2AF112UrCZiFfBS9CnJrMWSp
Transaction# 2093 still available for server ID: 8dlRJnGCjqU5jw7bZaw2AF112UrCZiFfBS9CnJrMWSp
Transaction# 2092 still available for server ID: 8dlRJnGCjqU5jw7bZaw2AF112UrCZiFfBS9CnJrMWSp
Transaction# 2091 still available for server ID: 8dlRJnGCjqU5jw7bZaw2AF112UrCZiFfBS9CnJrMWSp
Transaction# 2090 still available for server ID: 8dlRJnGCjqU5jw7bZaw2AF112UrCZiFfBS9CnJrMWSp
Transaction# 2089 still available for server ID: 8dlRJnGCjqU5jw7bZaw2AF112UrCZiFfBS9CnJrMWSp
Transaction# 2071 still available for server ID: 8dlRJnGCjqU5jw7bZaw2AF112UrCZiFfBS9CnJrMWSp
Transaction# 2070 still available for server ID: 8dlRJnGCjqU5jw7bZaw2AF112UrCZiFfBS9CnJrMWSp
Transaction# 2069 still available for server ID: 8dlRJnGCjqU5jw7bZaw2AF112UrCZiFfBS9CnJrMWSp
Transaction# 2068 still available for server ID: 8dlRJnGCjqU5jw7bZaw2AF112UrCZiFfBS9CnJrMWSp
Transaction# 2067 still available for server ID: 8dlRJnGCjqU5jw7bZaw2AF112UrCZiFfBS9CnJrMWSp
Transaction# 2066 still available for server ID: 8dlRJnGCjqU5jw7bZaw2AF112UrCZiFfBS9CnJrMWSp
Transaction# 2065 still available for server ID: 8dlRJnGCjqU5jw7bZaw2AF112UrCZiFfBS9CnJrMWSp
Transaction# 2064 still available for server ID: 8dlRJnGCjqU5jw7bZaw2AF112UrCZiFfBS9CnJrMWSp
Transaction# 2063 still available for server ID: 8dlRJnGCjqU5jw7bZaw2AF112UrCZiFfBS9CnJrMWSp
==> Name: Trader Bob
 Version: 1.0
Nym (aka User) ID: lMTANg3U97bwGFJAYKljTXAcy5By6JcLdU4di5AoA4z
Request Number is 40 for server ID: 8dlRJnGCjqU5jw7bZaw2AF112UrCZiFfBS9CnJrMWSp
Signed for Transaction# 2086 for server ID: 8dlRJnGCjqU5jw7bZaw2AF112UrCZiFfBS9CnJrMWSp
Signed for Transaction# 2085 for server ID: 8dlRJnGCjqU5jw7bZaw2AF112UrCZiFfBS9CnJrMWSp
Signed for Transaction# 2084 for server ID: 8dlRJnGCjqU5jw7bZaw2AF112UrCZiFfBS9CnJrMWSp
Signed for Transaction# 2083 for server ID: 8dlRJnGCjqU5jw7bZaw2AF112UrCZiFfBS9CnJrMWSp
Signed for Transaction# 2082 for server ID: 8dlRJnGCjqU5jw7bZaw2AF112UrCZiFfBS9CnJrMWSp
Signed for Transaction# 2081 for server ID: 8dlRJnGCjqU5jw7bZaw2AF112UrCZiFfBS9CnJrMWSp
Signed for Transaction# 2080 for server ID: 8dlRJnGCjqU5jw7bZaw2AF112UrCZiFfBS9CnJrMWSp
Signed for Transaction# 2079 for server ID: 8dlRJnGCjqU5jw7bZaw2AF112UrCZiFfBS9CnJrMWSp
Signed for Transaction# 2078 for server ID: 8dlRJnGCjqU5jw7bZaw2AF112UrCZiFfBS9CnJrMWSp
Transaction# 2086 still available for server ID: 8dlRJnGCjqU5jw7bZaw2AF112UrCZiFfBS9CnJrMWSp
Transaction# 2085 still available for server ID: 8dlRJnGCjqU5jw7bZaw2AF112UrCZiFfBS9CnJrMWSp
Transaction# 2084 still available for server ID: 8dlRJnGCjqU5jw7bZaw2AF112UrCZiFfBS9CnJrMWSp
Transaction# 2083 still available for server ID: 8dlRJnGCjqU5jw7bZaw2AF112UrCZiFfBS9CnJrMWSp
Transaction# 2082 still available for server ID: 8dlRJnGCjqU5jw7bZaw2AF112UrCZiFfBS9CnJrMWSp
Transaction# 2081 still available for server ID: 8dlRJnGCjqU5jw7bZaw2AF112UrCZiFfBS9CnJrMWSp
Transaction# 2080 still available for server ID: 8dlRJnGCjqU5jw7bZaw2AF112UrCZiFfBS9CnJrMWSp
Transaction# 2079 still available for server ID: 8dlRJnGCjqU5jw7bZaw2AF112UrCZiFfBS9CnJrMWSp
Transaction# 2078 still available for server ID: 8dlRJnGCjqU5jw7bZaw2AF112UrCZiFfBS9CnJrMWSp

-------------------------------------------------
ASSET CONTRACTS:

 Asset Type:  game tokens
 AssetTypeID: Bph6oZoC14CxafShXhZPMl1p2o1YE9MgwsEUXSQ5bWW

 Asset Type:  XBCTdnxYMLKaP6m1cSpvgViOFfdjoVCffbnZ7VIAEQz
 AssetTypeID: XBCTdnxYMLKaP6m1cSpvgViOFfdjoVCffbnZ7VIAEQz

 Asset Type:  silver grams
 AssetTypeID: lV6acfWoWKB7BcuIXCzvS4aSiqUOjlGgVTyepg1aAsa

-------------------------------------------------
SERVER CONTRACTS:

 Notary Provider: Localhost Server Contract
 ServerID: 8dlRJnGCjqU5jw7bZaw2AF112UrCZiFfBS9CnJrMWSp

-------------------------------------------------
ACCOUNTS:

 Asset Account (issuer) Name: Issuer - Silver
 Last retrieved Balance: -1100000  on date: 1317384367
 accountID: 2AfeY3zyTdKk2Y14FAZoNZBk8skKRYea6ODXoMP80Hh
 userID: T1Q3wZWgeTUoaUvn9m1lzIK5tn5wITlzxzrGNI8qtaV
 serverID: 8dlRJnGCjqU5jw7bZaw2AF112UrCZiFfBS9CnJrMWSp
 assetTypeID: lV6acfWoWKB7BcuIXCzvS4aSiqUOjlGgVTyepg1aAsa

-------------------------------------------------

 Asset Account (simple) Name: Bob's Game Tokens
 Last retrieved Balance: 0  on date: 1317384638
 accountID: 7BFSwbMVNfmV7AkYzpWEUglD2UIdhDExU0o2fp4ndu1
 userID: lMTANg3U97bwGFJAYKljTXAcy5By6JcLdU4di5AoA4z
 serverID: 8dlRJnGCjqU5jw7bZaw2AF112UrCZiFfBS9CnJrMWSp
 assetTypeID: Bph6oZoC14CxafShXhZPMl1p2o1YE9MgwsEUXSQ5bWW

-------------------------------------------------

 Asset Account (simple) Name: FT's Game Tokens
 Last retrieved Balance: 50000  on date: 1317384570
 accountID: d9TPxsgkl2slYcoDRetwZLCTfTYXMvSQlGBlNDgukb3
 userID: T1Q3wZWgeTUoaUvn9m1lzIK5tn5wITlzxzrGNI8qtaV
 serverID: 8dlRJnGCjqU5jw7bZaw2AF112UrCZiFfBS9CnJrMWSp
 assetTypeID: Bph6oZoC14CxafShXhZPMl1p2o1YE9MgwsEUXSQ5bWW

-------------------------------------------------

 Asset Account (issuer) Name: Issuer - Game Tokens
 Last retrieved Balance: -50000  on date: 1317384549
 accountID: dTdYH5UF9vdFNSAPV7XrmsJBR5Z7Rrl5b78UTmg83TS
 userID: T1Q3wZWgeTUoaUvn9m1lzIK5tn5wITlzxzrGNI8qtaV
 serverID: 8dlRJnGCjqU5jw7bZaw2AF112UrCZiFfBS9CnJrMWSp
 assetTypeID: Bph6oZoC14CxafShXhZPMl1p2o1YE9MgwsEUXSQ5bWW

-------------------------------------------------

 Asset Account (simple) Name: Bob's Silver
 Last retrieved Balance: 1000000  on date: 1317384393
 accountID: qcHaITqTkP3LjQEXT5pmFpDhdvDhY6hgbsMQFDBW85y
 userID: lMTANg3U97bwGFJAYKljTXAcy5By6JcLdU4di5AoA4z
 serverID: 8dlRJnGCjqU5jw7bZaw2AF112UrCZiFfBS9CnJrMWSp
 assetTypeID: lV6acfWoWKB7BcuIXCzvS4aSiqUOjlGgVTyepg1aAsa

-------------------------------------------------

 Asset Account (simple) Name: FT's Silver
 Last retrieved Balance: 100000  on date: 1316037257
 accountID: sSBcoTlTkYY8pPv6vh2KD6mIVrRdIwodgsWDoJzIfpV
 userID: T1Q3wZWgeTUoaUvn9m1lzIK5tn5wITlzxzrGNI8qtaV
 serverID: 8dlRJnGCjqU5jw7bZaw2AF112UrCZiFfBS9CnJrMWSp
 assetTypeID: lV6acfWoWKB7BcuIXCzvS4aSiqUOjlGgVTyepg1aAsa

-------------------------------------------------



OT> .
..
...
....
.....
......
.......
........
.........
..........
...........
............
.............
User has instructed to exit the wallet...
Exiting OT prompt.
Setting log level to: 0
Setting latency send_no_tries to: 5
Setting latency send_ms to: 200
Setting latency receive_no_tries to: 25
Setting latency receive_ms to: 200
Expected a data_folder path, and a wallet filename, but got this: /Users/au/.ot/client_data/
Make sure to call LoadWallet.
Using OT Password Callback for "(null)"
OTPurse::LoadPurse: File does not exist: purse/8dlRJnGCjqU5jw7bZaw2AF112UrCZiFfBS9CnJrMWSp/T1Q3wZWgeTUoaUvn9m1lzIK5tn5wITlzxzrGNI8qtaV/Bph6oZoC14CxafShXhZPMl1p2o1YE9MgwsEUXSQ5bWW
Failure calling OT_API::LoadPurse in OT_API_LoadPurse.
 Server: 8dlRJnGCjqU5jw7bZaw2AF112UrCZiFfBS9CnJrMWSp
 Asset Type: Bph6oZoC14CxafShXhZPMl1p2o1YE9MgwsEUXSQ5bWW
OTPurse::LoadPurse: File does not exist: purse/8dlRJnGCjqU5jw7bZaw2AF112UrCZiFfBS9CnJrMWSp/lMTANg3U97bwGFJAYKljTXAcy5By6JcLdU4di5AoA4z/Bph6oZoC14CxafShXhZPMl1p2o1YE9MgwsEUXSQ5bWW
Failure calling OT_API::LoadPurse in OT_API_LoadPurse.
 Server: 8dlRJnGCjqU5jw7bZaw2AF112UrCZiFfBS9CnJrMWSp
 Asset Type: Bph6oZoC14CxafShXhZPMl1p2o1YE9MgwsEUXSQ5bWW
OTPurse::LoadPurse: File does not exist: purse/8dlRJnGCjqU5jw7bZaw2AF112UrCZiFfBS9CnJrMWSp/T1Q3wZWgeTUoaUvn9m1lzIK5tn5wITlzxzrGNI8qtaV/XBCTdnxYMLKaP6m1cSpvgViOFfdjoVCffbnZ7VIAEQz
Failure calling OT_API::LoadPurse in OT_API_LoadPurse.
 Server: 8dlRJnGCjqU5jw7bZaw2AF112UrCZiFfBS9CnJrMWSp
 Asset Type: XBCTdnxYMLKaP6m1cSpvgViOFfdjoVCffbnZ7VIAEQz
OTPurse::LoadPurse: File does not exist: purse/8dlRJnGCjqU5jw7bZaw2AF112UrCZiFfBS9CnJrMWSp/lMTANg3U97bwGFJAYKljTXAcy5By6JcLdU4di5AoA4z/XBCTdnxYMLKaP6m1cSpvgViOFfdjoVCffbnZ7VIAEQz
Failure calling OT_API::LoadPurse in OT_API_LoadPurse.
 Server: 8dlRJnGCjqU5jw7bZaw2AF112UrCZiFfBS9CnJrMWSp
 Asset Type: XBCTdnxYMLKaP6m1cSpvgViOFfdjoVCffbnZ7VIAEQz
OTPurse::LoadPurse: File does not exist: purse/8dlRJnGCjqU5jw7bZaw2AF112UrCZiFfBS9CnJrMWSp/T1Q3wZWgeTUoaUvn9m1lzIK5tn5wITlzxzrGNI8qtaV/lV6acfWoWKB7BcuIXCzvS4aSiqUOjlGgVTyepg1aAsa
Failure calling OT_API::LoadPurse in OT_API_LoadPurse.
 Server: 8dlRJnGCjqU5jw7bZaw2AF112UrCZiFfBS9CnJrMWSp
 Asset Type: lV6acfWoWKB7BcuIXCzvS4aSiqUOjlGgVTyepg1aAsa
OTPurse::LoadPurse: File does not exist: purse/8dlRJnGCjqU5jw7bZaw2AF112UrCZiFfBS9CnJrMWSp/lMTANg3U97bwGFJAYKljTXAcy5By6JcLdU4di5AoA4z/lV6acfWoWKB7BcuIXCzvS4aSiqUOjlGgVTyepg1aAsa
Failure calling OT_API::LoadPurse in OT_API_LoadPurse.
 Server: 8dlRJnGCjqU5jw7bZaw2AF112UrCZiFfBS9CnJrMWSp
 Asset Type: lV6acfWoWKB7BcuIXCzvS4aSiqUOjlGgVTyepg1aAsa
OTPurse::LoadPurse: File does not exist: purse/8dlRJnGCjqU5jw7bZaw2AF112UrCZiFfBS9CnJrMWSp/T1Q3wZWgeTUoaUvn9m1lzIK5tn5wITlzxzrGNI8qtaV/Bph6oZoC14CxafShXhZPMl1p2o1YE9MgwsEUXSQ5bWW
Failure calling OT_API::LoadPurse in OT_API_LoadPurse.
 Server: 8dlRJnGCjqU5jw7bZaw2AF112UrCZiFfBS9CnJrMWSp
 Asset Type: Bph6oZoC14CxafShXhZPMl1p2o1YE9MgwsEUXSQ5bWW
OTPurse::LoadPurse: File does not exist: purse/8dlRJnGCjqU5jw7bZaw2AF112UrCZiFfBS9CnJrMWSp/lMTANg3U97bwGFJAYKljTXAcy5By6JcLdU4di5AoA4z/Bph6oZoC14CxafShXhZPMl1p2o1YE9MgwsEUXSQ5bWW
Failure calling OT_API::LoadPurse in OT_API_LoadPurse.
 Server: 8dlRJnGCjqU5jw7bZaw2AF112UrCZiFfBS9CnJrMWSp
 Asset Type: Bph6oZoC14CxafShXhZPMl1p2o1YE9MgwsEUXSQ5bWW
OTPurse::LoadPurse: File does not exist: purse/8dlRJnGCjqU5jw7bZaw2AF112UrCZiFfBS9CnJrMWSp/T1Q3wZWgeTUoaUvn9m1lzIK5tn5wITlzxzrGNI8qtaV/XBCTdnxYMLKaP6m1cSpvgViOFfdjoVCffbnZ7VIAEQz
Failure calling OT_API::LoadPurse in OT_API_LoadPurse.
 Server: 8dlRJnGCjqU5jw7bZaw2AF112UrCZiFfBS9CnJrMWSp
 Asset Type: XBCTdnxYMLKaP6m1cSpvgViOFfdjoVCffbnZ7VIAEQz
OTPurse::LoadPurse: File does not exist: purse/8dlRJnGCjqU5jw7bZaw2AF112UrCZiFfBS9CnJrMWSp/lMTANg3U97bwGFJAYKljTXAcy5By6JcLdU4di5AoA4z/XBCTdnxYMLKaP6m1cSpvgViOFfdjoVCffbnZ7VIAEQz
Failure calling OT_API::LoadPurse in OT_API_LoadPurse.
 Server: 8dlRJnGCjqU5jw7bZaw2AF112UrCZiFfBS9CnJrMWSp
 Asset Type: XBCTdnxYMLKaP6m1cSpvgViOFfdjoVCffbnZ7VIAEQz
OTPurse::LoadPurse: File does not exist: purse/8dlRJnGCjqU5jw7bZaw2AF112UrCZiFfBS9CnJrMWSp/T1Q3wZWgeTUoaUvn9m1lzIK5tn5wITlzxzrGNI8qtaV/lV6acfWoWKB7BcuIXCzvS4aSiqUOjlGgVTyepg1aAsa
Failure calling OT_API::LoadPurse in OT_API_LoadPurse.
 Server: 8dlRJnGCjqU5jw7bZaw2AF112UrCZiFfBS9CnJrMWSp
 Asset Type: lV6acfWoWKB7BcuIXCzvS4aSiqUOjlGgVTyepg1aAsa
OTPurse::LoadPurse: File does not exist: purse/8dlRJnGCjqU5jw7bZaw2AF112UrCZiFfBS9CnJrMWSp/lMTANg3U97bwGFJAYKljTXAcy5By6JcLdU4di5AoA4z/lV6acfWoWKB7BcuIXCzvS4aSiqUOjlGgVTyepg1aAsa
Failure calling OT_API::LoadPurse in OT_API_LoadPurse.
 Server: 8dlRJnGCjqU5jw7bZaw2AF112UrCZiFfBS9CnJrMWSp
 Asset Type: lV6acfWoWKB7BcuIXCzvS4aSiqUOjlGgVTyepg1aAsa
OTPurse::LoadPurse: File does not exist: purse/8dlRJnGCjqU5jw7bZaw2AF112UrCZiFfBS9CnJrMWSp/T1Q3wZWgeTUoaUvn9m1lzIK5tn5wITlzxzrGNI8qtaV/Bph6oZoC14CxafShXhZPMl1p2o1YE9MgwsEUXSQ5bWW
Failure calling OT_API::LoadPurse in OT_API_LoadPurse.
 Server: 8dlRJnGCjqU5jw7bZaw2AF112UrCZiFfBS9CnJrMWSp
 Asset Type: Bph6oZoC14CxafShXhZPMl1p2o1YE9MgwsEUXSQ5bWW
OTPurse::LoadPurse: File does not exist: purse/8dlRJnGCjqU5jw7bZaw2AF112UrCZiFfBS9CnJrMWSp/lMTANg3U97bwGFJAYKljTXAcy5By6JcLdU4di5AoA4z/Bph6oZoC14CxafShXhZPMl1p2o1YE9MgwsEUXSQ5bWW
Failure calling OT_API::LoadPurse in OT_API_LoadPurse.
 Server: 8dlRJnGCjqU5jw7bZaw2AF112UrCZiFfBS9CnJrMWSp
 Asset Type: Bph6oZoC14CxafShXhZPMl1p2o1YE9MgwsEUXSQ5bWW
OTPurse::LoadPurse: File does not exist: purse/8dlRJnGCjqU5jw7bZaw2AF112UrCZiFfBS9CnJrMWSp/T1Q3wZWgeTUoaUvn9m1lzIK5tn5wITlzxzrGNI8qtaV/XBCTdnxYMLKaP6m1cSpvgViOFfdjoVCffbnZ7VIAEQz
Failure calling OT_API::LoadPurse in OT_API_LoadPurse.
 Server: 8dlRJnGCjqU5jw7bZaw2AF112UrCZiFfBS9CnJrMWSp
 Asset Type: XBCTdnxYMLKaP6m1cSpvgViOFfdjoVCffbnZ7VIAEQz
OTPurse::LoadPurse: File does not exist: purse/8dlRJnGCjqU5jw7bZaw2AF112UrCZiFfBS9CnJrMWSp/lMTANg3U97bwGFJAYKljTXAcy5By6JcLdU4di5AoA4z/XBCTdnxYMLKaP6m1cSpvgViOFfdjoVCffbnZ7VIAEQz
Failure calling OT_API::LoadPurse in OT_API_LoadPurse.
 Server: 8dlRJnGCjqU5jw7bZaw2AF112UrCZiFfBS9CnJrMWSp
 Asset Type: XBCTdnxYMLKaP6m1cSpvgViOFfdjoVCffbnZ7VIAEQz
OTPurse::LoadPurse: File does not exist: purse/8dlRJnGCjqU5jw7bZaw2AF112UrCZiFfBS9CnJrMWSp/T1Q3wZWgeTUoaUvn9m1lzIK5tn5wITlzxzrGNI8qtaV/lV6acfWoWKB7BcuIXCzvS4aSiqUOjlGgVTyepg1aAsa
Failure calling OT_API::LoadPurse in OT_API_LoadPurse.
 Server: 8dlRJnGCjqU5jw7bZaw2AF112UrCZiFfBS9CnJrMWSp
 Asset Type: lV6acfWoWKB7BcuIXCzvS4aSiqUOjlGgVTyepg1aAsa
OTPurse::LoadPurse: File does not exist: purse/8dlRJnGCjqU5jw7bZaw2AF112UrCZiFfBS9CnJrMWSp/lMTANg3U97bwGFJAYKljTXAcy5By6JcLdU4di5AoA4z/lV6acfWoWKB7BcuIXCzvS4aSiqUOjlGgVTyepg1aAsa
Failure calling OT_API::LoadPurse in OT_API_LoadPurse.
 Server: 8dlRJnGCjqU5jw7bZaw2AF112UrCZiFfBS9CnJrMWSp
 Asset Type: lV6acfWoWKB7BcuIXCzvS4aSiqUOjlGgVTyepg1aAsa
OTPurse::LoadPurse: File does not exist: purse/8dlRJnGCjqU5jw7bZaw2AF112UrCZiFfBS9CnJrMWSp/T1Q3wZWgeTUoaUvn9m1lzIK5tn5wITlzxzrGNI8qtaV/Bph6oZoC14CxafShXhZPMl1p2o1YE9MgwsEUXSQ5bWW
Failure calling OT_API::LoadPurse in OT_API_LoadPurse.
 Server: 8dlRJnGCjqU5jw7bZaw2AF112UrCZiFfBS9CnJrMWSp
 Asset Type: Bph6oZoC14CxafShXhZPMl1p2o1YE9MgwsEUXSQ5bWW
OTPurse::LoadPurse: File does not exist: purse/8dlRJnGCjqU5jw7bZaw2AF112UrCZiFfBS9CnJrMWSp/lMTANg3U97bwGFJAYKljTXAcy5By6JcLdU4di5AoA4z/Bph6oZoC14CxafShXhZPMl1p2o1YE9MgwsEUXSQ5bWW
Failure calling OT_API::LoadPurse in OT_API_LoadPurse.
 Server: 8dlRJnGCjqU5jw7bZaw2AF112UrCZiFfBS9CnJrMWSp
 Asset Type: Bph6oZoC14CxafShXhZPMl1p2o1YE9MgwsEUXSQ5bWW
OTPurse::LoadPurse: File does not exist: purse/8dlRJnGCjqU5jw7bZaw2AF112UrCZiFfBS9CnJrMWSp/T1Q3wZWgeTUoaUvn9m1lzIK5tn5wITlzxzrGNI8qtaV/XBCTdnxYMLKaP6m1cSpvgViOFfdjoVCffbnZ7VIAEQz
Failure calling OT_API::LoadPurse in OT_API_LoadPurse.
 Server: 8dlRJnGCjqU5jw7bZaw2AF112UrCZiFfBS9CnJrMWSp
 Asset Type: XBCTdnxYMLKaP6m1cSpvgViOFfdjoVCffbnZ7VIAEQz
OTPurse::LoadPurse: File does not exist: purse/8dlRJnGCjqU5jw7bZaw2AF112UrCZiFfBS9CnJrMWSp/lMTANg3U97bwGFJAYKljTXAcy5By6JcLdU4di5AoA4z/XBCTdnxYMLKaP6m1cSpvgViOFfdjoVCffbnZ7VIAEQz
Failure calling OT_API::LoadPurse in OT_API_LoadPurse.
 Server: 8dlRJnGCjqU5jw7bZaw2AF112UrCZiFfBS9CnJrMWSp
 Asset Type: XBCTdnxYMLKaP6m1cSpvgViOFfdjoVCffbnZ7VIAEQz
OTPurse::LoadPurse: File does not exist: purse/8dlRJnGCjqU5jw7bZaw2AF112UrCZiFfBS9CnJrMWSp/T1Q3wZWgeTUoaUvn9m1lzIK5tn5wITlzxzrGNI8qtaV/lV6acfWoWKB7BcuIXCzvS4aSiqUOjlGgVTyepg1aAsa
Failure calling OT_API::LoadPurse in OT_API_LoadPurse.
 Server: 8dlRJnGCjqU5jw7bZaw2AF112UrCZiFfBS9CnJrMWSp
 Asset Type: lV6acfWoWKB7BcuIXCzvS4aSiqUOjlGgVTyepg1aAsa
OTPurse::LoadPurse: File does not exist: purse/8dlRJnGCjqU5jw7bZaw2AF112UrCZiFfBS9CnJrMWSp/lMTANg3U97bwGFJAYKljTXAcy5By6JcLdU4di5AoA4z/lV6acfWoWKB7BcuIXCzvS4aSiqUOjlGgVTyepg1aAsa
Failure calling OT_API::LoadPurse in OT_API_LoadPurse.
 Server: 8dlRJnGCjqU5jw7bZaw2AF112UrCZiFfBS9CnJrMWSp
 Asset Type: lV6acfWoWKB7BcuIXCzvS4aSiqUOjlGgVTyepg1aAsa
Error erasing file in StorageFS::onEraseValueByKey: /Users/au/.ot/client_data/markets/8dlRJnGCjqU5jw7bZaw2AF112UrCZiFfBS9CnJrMWSp/market_data.bin
Failed trying to erase a value, in Storage::EraseValueByKey (while calling onEraseValueByKey) 
Error erasing market list from market folder: market_data.bin 
Message sent via ZMQ...

Error erasing file in StorageFS::onEraseValueByKey: /Users/au/.ot/client_data/markets/8dlRJnGCjqU5jw7bZaw2AF112UrCZiFfBS9CnJrMWSp/market_data.bin
Failed trying to erase a value, in Storage::EraseValueByKey (while calling onEraseValueByKey) 
Error erasing market list from market folder: market_data.bin 
Message sent via ZMQ...

Error erasing file in StorageFS::onEraseValueByKey: /Users/au/.ot/client_data/markets/8dlRJnGCjqU5jw7bZaw2AF112UrCZiFfBS9CnJrMWSp/market_data.bin
Failed trying to erase a value, in Storage::EraseValueByKey (while calling onEraseValueByKey) 
Error erasing market list from market folder: market_data.bin 
Message sent via ZMQ...

Error erasing file in StorageFS::onEraseValueByKey: /Users/au/.ot/client_data/markets/8dlRJnGCjqU5jw7bZaw2AF112UrCZiFfBS9CnJrMWSp/market_data.bin
Failed trying to erase a value, in Storage::EraseValueByKey (while calling onEraseValueByKey) 
Error erasing market list from market folder: market_data.bin 
Message sent via ZMQ...

Received server response to Get Inbox message.
===> ** LAST SIGNED BALANCE RECEIPT *VERIFIED* against latest nym, account, outbox, and/or inbox!

Message sent via ZMQ...

Saving updated account file to disk...
Message sent via ZMQ...

Received server response to Get Outbox message.
Message sent via ZMQ...

Received server response to Get Inbox message.
===> ** LAST SIGNED BALANCE RECEIPT *FAILED* against latest nym, account, outbox, and/or inbox.
(IF THE ACCOUNT IS NEW, i.e. it's never transacted before, then there IS NOT YET ANY RECEIPT, so this error is normal.)
Message sent via ZMQ...

Saving updated account file to disk...
Message sent via ZMQ...

Received server response to Get Outbox message.
Message sent via ZMQ...

Received server response to Get Inbox message.
===> ** LAST SIGNED BALANCE RECEIPT *VERIFIED* against latest nym, account, outbox, and/or inbox!

Message sent via ZMQ...

Saving updated account file to disk...
Message sent via ZMQ...

Received server response to Get Outbox message.
Message sent via ZMQ...

Received server response to Get Inbox message.
===> ** LAST SIGNED BALANCE RECEIPT *VERIFIED* against latest nym, account, outbox, and/or inbox!

Message sent via ZMQ...

Saving updated account file to disk...
Message sent via ZMQ...

Received server response to Get Outbox message.
Message sent via ZMQ...

Received server response to Get Inbox message.
===> ** LAST SIGNED BALANCE RECEIPT *VERIFIED* against latest nym, account, outbox, and/or inbox!

Message sent via ZMQ...

Saving updated account file to disk...
Message sent via ZMQ...

Received server response to Get Outbox message.
Message sent via ZMQ...

Received server response to Get Inbox message.
===> ** LAST SIGNED BALANCE RECEIPT *VERIFIED* against latest nym, account, outbox, and/or inbox!

Message sent via ZMQ...

Saving updated account file to disk...
Message sent via ZMQ...

Received server response to Get Outbox message.
Message sent via ZMQ...

Message sent via ZMQ...

Saving updated account file to disk...
Received server response to Get Outbox message.
Message sent via ZMQ...

OTPurse::LoadPurse: File does not exist: purse/8dlRJnGCjqU5jw7bZaw2AF112UrCZiFfBS9CnJrMWSp/T1Q3wZWgeTUoaUvn9m1lzIK5tn5wITlzxzrGNI8qtaV/Bph6oZoC14CxafShXhZPMl1p2o1YE9MgwsEUXSQ5bWW
Failure calling OT_API::LoadPurse in OT_API_LoadPurse.
 Server: 8dlRJnGCjqU5jw7bZaw2AF112UrCZiFfBS9CnJrMWSp
 Asset Type: Bph6oZoC14CxafShXhZPMl1p2o1YE9MgwsEUXSQ5bWW
OTPurse::LoadPurse: File does not exist: purse/8dlRJnGCjqU5jw7bZaw2AF112UrCZiFfBS9CnJrMWSp/lMTANg3U97bwGFJAYKljTXAcy5By6JcLdU4di5AoA4z/Bph6oZoC14CxafShXhZPMl1p2o1YE9MgwsEUXSQ5bWW
Failure calling OT_API::LoadPurse in OT_API_LoadPurse.
 Server: 8dlRJnGCjqU5jw7bZaw2AF112UrCZiFfBS9CnJrMWSp
 Asset Type: Bph6oZoC14CxafShXhZPMl1p2o1YE9MgwsEUXSQ5bWW
OTPurse::LoadPurse: File does not exist: purse/8dlRJnGCjqU5jw7bZaw2AF112UrCZiFfBS9CnJrMWSp/T1Q3wZWgeTUoaUvn9m1lzIK5tn5wITlzxzrGNI8qtaV/XBCTdnxYMLKaP6m1cSpvgViOFfdjoVCffbnZ7VIAEQz
Failure calling OT_API::LoadPurse in OT_API_LoadPurse.
 Server: 8dlRJnGCjqU5jw7bZaw2AF112UrCZiFfBS9CnJrMWSp
 Asset Type: XBCTdnxYMLKaP6m1cSpvgViOFfdjoVCffbnZ7VIAEQz
OTPurse::LoadPurse: File does not exist: purse/8dlRJnGCjqU5jw7bZaw2AF112UrCZiFfBS9CnJrMWSp/lMTANg3U97bwGFJAYKljTXAcy5By6JcLdU4di5AoA4z/XBCTdnxYMLKaP6m1cSpvgViOFfdjoVCffbnZ7VIAEQz
Failure calling OT_API::LoadPurse in OT_API_LoadPurse.
 Server: 8dlRJnGCjqU5jw7bZaw2AF112UrCZiFfBS9CnJrMWSp
 Asset Type: XBCTdnxYMLKaP6m1cSpvgViOFfdjoVCffbnZ7VIAEQz
OTPurse::LoadPurse: File does not exist: purse/8dlRJnGCjqU5jw7bZaw2AF112UrCZiFfBS9CnJrMWSp/T1Q3wZWgeTUoaUvn9m1lzIK5tn5wITlzxzrGNI8qtaV/lV6acfWoWKB7BcuIXCzvS4aSiqUOjlGgVTyepg1aAsa
Failure calling OT_API::LoadPurse in OT_API_LoadPurse.
 Server: 8dlRJnGCjqU5jw7bZaw2AF112UrCZiFfBS9CnJrMWSp
 Asset Type: lV6acfWoWKB7BcuIXCzvS4aSiqUOjlGgVTyepg1aAsa
OTPurse::LoadPurse: File does not exist: purse/8dlRJnGCjqU5jw7bZaw2AF112UrCZiFfBS9CnJrMWSp/lMTANg3U97bwGFJAYKljTXAcy5By6JcLdU4di5AoA4z/lV6acfWoWKB7BcuIXCzvS4aSiqUOjlGgVTyepg1aAsa
Failure calling OT_API::LoadPurse in OT_API_LoadPurse.
 Server: 8dlRJnGCjqU5jw7bZaw2AF112UrCZiFfBS9CnJrMWSp
 Asset Type: lV6acfWoWKB7BcuIXCzvS4aSiqUOjlGgVTyepg1aAsa
Received server response to Get Inbox message.
===> ** LAST SIGNED BALANCE RECEIPT *VERIFIED* against latest nym, account, outbox, and/or inbox!

Message sent via ZMQ...

Saving updated account file to disk...
Message sent via ZMQ...

Received server response to Get Outbox message.
Message sent via ZMQ...

Received server response to Get Inbox message.
===> ** LAST SIGNED BALANCE RECEIPT *FAILED* against latest nym, account, outbox, and/or inbox.
(IF THE ACCOUNT IS NEW, i.e. it's never transacted before, then there IS NOT YET ANY RECEIPT, so this error is normal.)
Message sent via ZMQ...

Saving updated account file to disk...
Message sent via ZMQ...

Received server response to Get Outbox message.
Message sent via ZMQ...

Received server response to Get Inbox message.
===> ** LAST SIGNED BALANCE RECEIPT *VERIFIED* against latest nym, account, outbox, and/or inbox!

Message sent via ZMQ...

Saving updated account file to disk...
Message sent via ZMQ...

Received server response to Get Outbox message.
Message sent via ZMQ...

Received server response to Get Inbox message.
===> ** LAST SIGNED BALANCE RECEIPT *FAILED* against latest nym, account, outbox, and/or inbox.
(IF THE ACCOUNT IS NEW, i.e. it's never transacted before, then there IS NOT YET ANY RECEIPT, so this error is normal.)
Message sent via ZMQ...

Saving updated account file to disk...
Message sent via ZMQ...

Received server response to Get Outbox message.
Message sent via ZMQ...

Saving updated account file to disk...
OTPurse::LoadPurse: File does not exist: purse/8dlRJnGCjqU5jw7bZaw2AF112UrCZiFfBS9CnJrMWSp/T1Q3wZWgeTUoaUvn9m1lzIK5tn5wITlzxzrGNI8qtaV/Bph6oZoC14CxafShXhZPMl1p2o1YE9MgwsEUXSQ5bWW
Failure calling OT_API::LoadPurse in OT_API_LoadPurse.
 Server: 8dlRJnGCjqU5jw7bZaw2AF112UrCZiFfBS9CnJrMWSp
 Asset Type: Bph6oZoC14CxafShXhZPMl1p2o1YE9MgwsEUXSQ5bWW
OTPurse::LoadPurse: File does not exist: purse/8dlRJnGCjqU5jw7bZaw2AF112UrCZiFfBS9CnJrMWSp/lMTANg3U97bwGFJAYKljTXAcy5By6JcLdU4di5AoA4z/Bph6oZoC14CxafShXhZPMl1p2o1YE9MgwsEUXSQ5bWW
Failure calling OT_API::LoadPurse in OT_API_LoadPurse.
 Server: 8dlRJnGCjqU5jw7bZaw2AF112UrCZiFfBS9CnJrMWSp
 Asset Type: Bph6oZoC14CxafShXhZPMl1p2o1YE9MgwsEUXSQ5bWW
OTPurse::LoadPurse: File does not exist: purse/8dlRJnGCjqU5jw7bZaw2AF112UrCZiFfBS9CnJrMWSp/T1Q3wZWgeTUoaUvn9m1lzIK5tn5wITlzxzrGNI8qtaV/XBCTdnxYMLKaP6m1cSpvgViOFfdjoVCffbnZ7VIAEQz
Failure calling OT_API::LoadPurse in OT_API_LoadPurse.
 Server: 8dlRJnGCjqU5jw7bZaw2AF112UrCZiFfBS9CnJrMWSp
 Asset Type: XBCTdnxYMLKaP6m1cSpvgViOFfdjoVCffbnZ7VIAEQz
OTPurse::LoadPurse: File does not exist: purse/8dlRJnGCjqU5jw7bZaw2AF112UrCZiFfBS9CnJrMWSp/lMTANg3U97bwGFJAYKljTXAcy5By6JcLdU4di5AoA4z/XBCTdnxYMLKaP6m1cSpvgViOFfdjoVCffbnZ7VIAEQz
Failure calling OT_API::LoadPurse in OT_API_LoadPurse.
 Server: 8dlRJnGCjqU5jw7bZaw2AF112UrCZiFfBS9CnJrMWSp
 Asset Type: XBCTdnxYMLKaP6m1cSpvgViOFfdjoVCffbnZ7VIAEQz
OTPurse::LoadPurse: File does not exist: purse/8dlRJnGCjqU5jw7bZaw2AF112UrCZiFfBS9CnJrMWSp/T1Q3wZWgeTUoaUvn9m1lzIK5tn5wITlzxzrGNI8qtaV/lV6acfWoWKB7BcuIXCzvS4aSiqUOjlGgVTyepg1aAsa
Failure calling OT_API::LoadPurse in OT_API_LoadPurse.
 Server: 8dlRJnGCjqU5jw7bZaw2AF112UrCZiFfBS9CnJrMWSp
 Asset Type: lV6acfWoWKB7BcuIXCzvS4aSiqUOjlGgVTyepg1aAsa
OTPurse::LoadPurse: File does not exist: purse/8dlRJnGCjqU5jw7bZaw2AF112UrCZiFfBS9CnJrMWSp/lMTANg3U97bwGFJAYKljTXAcy5By6JcLdU4di5AoA4z/lV6acfWoWKB7BcuIXCzvS4aSiqUOjlGgVTyepg1aAsa
Failure calling OT_API::LoadPurse in OT_API_LoadPurse.
 Server: 8dlRJnGCjqU5jw7bZaw2AF112UrCZiFfBS9CnJrMWSp
 Asset Type: lV6acfWoWKB7BcuIXCzvS4aSiqUOjlGgVTyepg1aAsa
Expected a data_folder path, and a wallet filename, but got this: /Users/au/.ot/client_data/
Make sure to call LoadWallet.
Using client_data path:  /Users/au/.ot/client_data
Using 'test' pass phrase for "(null)"

Hashes do NOT match in OTContract::VerifyContractID.
Bph6oZoC14CxafShXhZPMl1p2o1YE9MgwsEUXSQ5bWW
UCkrOjmsddAEhxPhyUUQJQLGXZpLTQHuzJoY4Qa2zzm

Contract FAILED to verify.

Hashes do NOT match in OTContract::VerifyContractID.
XBCTdnxYMLKaP6m1cSpvgViOFfdjoVCffbnZ7VIAEQz
OtpTqVGDgzZRvJZuA14kBMtN0RXDbimI8h3rYzn8zfW

Contract FAILED to verify.

Hashes do NOT match in OTContract::VerifyContractID.
lV6acfWoWKB7BcuIXCzvS4aSiqUOjlGgVTyepg1aAsa
ixxnpm10skixwZ13CrcIbmkNzQ27UNCzGBBFvFCBcYk

Contract FAILED to verify.

Hashes do NOT match in OTContract::VerifyContractID.
8dlRJnGCjqU5jw7bZaw2AF112UrCZiFfBS9CnJrMWSp
tmHvLZxb13hW6OyH1oHKTmKd7fTMRsUfzqPE6KCwSjl

Server contract failed to verify.
Unable to find a server contract. Please use the option:  --server SERVER_ID
(Where SERVER_ID is the server ID. Partial matches ARE accepted.)
Also, see default values located in ~/.ot/comand-line-ot.opt 
Expected a data_folder path, and a wallet filename, but got this: /Users/au/.ot/client_data/
Make sure to call LoadWallet.
Using client_data path:  /Users/au/.ot/client_data


Try "ot --help" for instructions.

 ==> Expecting ot script from standard input. (Terminate with CTRL-D):

Expected a data_folder path, and a wallet filename, but got this: /Users/au/.ot/client_data/
Make sure to call LoadWallet.
Using client_data path:  /Users/au/.ot/client_data
Using 'test' pass phrase for "(null)"
Expected a data_folder path, and a wallet filename, but got this: /Users/au/.ot/client_data/
Make sure to call LoadWallet.
Using client_data path:  /Users/au/.ot/client_data
Using 'test' pass phrase for "(null)"
Expected a data_folder path, and a wallet filename, but got this: /Users/au/.ot/client_data/
Make sure to call LoadWallet.
Using client_data path:  /Users/au/.ot/client_data
Using 'test' pass phrase for "(null)"
Expected a data_folder path, and a wallet filename, but got this: /Users/au/.ot/client_data/
Make sure to call LoadWallet.
Using client_data path:  /Users/au/.ot/client_data
Using 'test' pass phrase for "(null)"
Expected a data_folder path, and a wallet filename, but got this: /Users/au/.ot/client_data/
Make sure to call LoadWallet.
Using client_data path:  /Users/au/.ot/client_data
Using 'test' pass phrase for "(null)"
Expected a data_folder path, and a wallet filename, but got this: /Users/au/.ot/client_data/
Make sure to call LoadWallet.
Using client_data path:  /Users/au/.ot/client_data
Using 'test' pass phrase for "(null)"
(User has instructed to sign a contract...)
Is the contract a server contract, or an asset contract [s/a]: Is the contract properly escaped already? (If escaped, all lines beginning with ----- will instead appear as - ----- ) [y/n]: Please enter an unsigned asset contract; terminate with ~ on a new line:
> > > > > > > > > > > > > > > > > > > > > > > > > > > > > > > > > > > > > > > > > > > > > > > > > > > > > > > > > > > > > > > > > > > > > > > > > > > > > > > > > > > > > > > > > > > > > > > > > > > > > > > > > > > > > > > > > > > > > > > > > > > > > > > > > > > > UNKNOWN element type in OTContract::LoadContractXML: digitalAssetContract, value: digitalAssetContract
UNKNOWN element type in OTContract::LoadContractXML: issue, value: issue
UNKNOWN element type in OTContract::LoadContractXML: currency, value: currency
.
..
...
....
.....
......
.......
........
.........

NEW CONTRACT:

Expected a data_folder path, and a wallet filename, but got this: /Users/au/.ot/client_data/
Make sure to call LoadWallet.
Using client_data path:  /Users/au/.ot/client_data
Expected a data_folder path, and a wallet filename, but got this: /Users/au/.ot/client_data/
Make sure to call LoadWallet.
Using client_data path:  /Users/au/.ot/client_data
Using 'test' pass phrase for "(null)"
Expected a data_folder path, and a wallet filename, but got this: /Users/au/.ot/client_data/
Make sure to call LoadWallet.
Using OT Password Callback for "(null)"
Removed server contract from the wallet: tmHvLZxb13hW6OyH1oHKTmKd7fTMRsUfzqPE6KCwSjl
Error reading encrypted key size in OTEnvelope::Open
Error loading server reply from string after call to 'OT_API::TransportCallback'
Message sent via ZMQ...

OT_API_PopMessageBuffer:  Buffer is empty, sorry.
Error reading encrypted key size in OTEnvelope::Open
Error loading server reply from string after call to 'OT_API::TransportCallback'
Message sent via ZMQ...

OT_API_PopMessageBuffer:  Buffer is empty, sorry.
Error reading encrypted key size in OTEnvelope::Open
Error loading server reply from string after call to 'OT_API::TransportCallback'
Message sent via ZMQ...

OT_API_PopMessageBuffer:  Buffer is empty, sorry.
Error reading encrypted key size in OTEnvelope::Open
Error loading server reply from string after call to 'OT_API::TransportCallback'
Message sent via ZMQ...

OT_API_PopMessageBuffer:  Buffer is empty, sorry.
Error reading encrypted key size in OTEnvelope::Open
Error loading server reply from string after call to 'OT_API::TransportCallback'
Message sent via ZMQ...

OT_API_PopMessageBuffer:  Buffer is empty, sorry.
Removed server contract from the wallet: DKK35Vi9A8yQl5S0xep6kkKzo6O3Vpna0WfzM0OUcnl
Expected a data_folder path, and a wallet filename, but got this: /Users/au/.ot/client_data/
Make sure to call LoadWallet.
Using client_data path:  /Users/au/.ot/client_data


Try "ot --help" for instructions.

 ==> Expecting ot script from standard input. (Terminate with CTRL-D):

Expected a data_folder path, and a wallet filename, but got this: /Users/au/.ot/client_data/
Make sure to call LoadWallet.
Using client_data path:  /Users/au/.ot/client_data
Using 'test' pass phrase for "(null)"
Unable to find a server contract. Please use the option:  --server SERVER_ID
(Where SERVER_ID is the server ID. Partial matches ARE accepted.)
Also, see default values located in ~/.ot/comand-line-ot.opt 
Expected a data_folder path, and a wallet filename, but got this: /Users/au/.ot/client_data/
Make sure to call LoadWallet.
Using client_data path:  /Users/au/.ot/client_data
Using 'test' pass phrase for "(null)"
Unable to find a server contract. Please use the option:  --server SERVER_ID
(Where SERVER_ID is the server ID. Partial matches ARE accepted.)
Also, see default values located in ~/.ot/comand-line-ot.opt 
Expected a data_folder path, and a wallet filename, but got this: /Users/au/.ot/client_data/
Make sure to call LoadWallet.
Using client_data path:  /Users/au/.ot/client_data
Using 'test' pass phrase for "(null)"
Unable to find a server contract. Please use the option:  --server SERVER_ID
(Where SERVER_ID is the server ID. Partial matches ARE accepted.)
Also, see default values located in ~/.ot/comand-line-ot.opt 
Expected a data_folder path, and a wallet filename, but got this: /Users/au/.ot/client_data/
Make sure to call LoadWallet.
Using client_data path:  /Users/au/.ot/client_data


Try "ot --help" for instructions.

 ==> Expecting ot script from standard input. (Terminate with CTRL-D):

Expected a data_folder path, and a wallet filename, but got this: /Users/au/.ot/client_data/
Make sure to call LoadWallet.
Using client_data path:  /Users/au/.ot/client_data
Using 'test' pass phrase for "(null)"
Unable to find a server contract. Please use the option:  --server SERVER_ID
(Where SERVER_ID is the server ID. Partial matches ARE accepted.)
Also, see default values located in ~/.ot/comand-line-ot.opt 
Expected a data_folder path, and a wallet filename, but got this: /Users/au/.ot/client_data/
Make sure to call LoadWallet.
Using client_data path:  /Users/au/.ot/client_data
Using 'test' pass phrase for "(null)"
User has instructed to display wallet contents...

-------------------------------------------------
WALLET STATISTICS:

PSEUDONYM(s):

==> Name: FT's Test Nym
 Version: 1.0
Nym (aka User) ID: T1Q3wZWgeTUoaUvn9m1lzIK5tn5wITlzxzrGNI8qtaV
Request Number is 200 for server ID: 8dlRJnGCjqU5jw7bZaw2AF112UrCZiFfBS9CnJrMWSp
Signed for Transaction# 2098 for server ID: 8dlRJnGCjqU5jw7bZaw2AF112UrCZiFfBS9CnJrMWSp
Signed for Transaction# 2096 for server ID: 8dlRJnGCjqU5jw7bZaw2AF112UrCZiFfBS9CnJrMWSp
Signed for Transaction# 2095 for server ID: 8dlRJnGCjqU5jw7bZaw2AF112UrCZiFfBS9CnJrMWSp
Signed for Transaction# 2094 for server ID: 8dlRJnGCjqU5jw7bZaw2AF112UrCZiFfBS9CnJrMWSp
Signed for Transaction# 2093 for server ID: 8dlRJnGCjqU5jw7bZaw2AF112UrCZiFfBS9CnJrMWSp
Signed for Transaction# 2092 for server ID: 8dlRJnGCjqU5jw7bZaw2AF112UrCZiFfBS9CnJrMWSp
Signed for Transaction# 2091 for server ID: 8dlRJnGCjqU5jw7bZaw2AF112UrCZiFfBS9CnJrMWSp
Signed for Transaction# 2090 for server ID: 8dlRJnGCjqU5jw7bZaw2AF112UrCZiFfBS9CnJrMWSp
Signed for Transaction# 2089 for server ID: 8dlRJnGCjqU5jw7bZaw2AF112UrCZiFfBS9CnJrMWSp
Signed for Transaction# 2072 for server ID: 8dlRJnGCjqU5jw7bZaw2AF112UrCZiFfBS9CnJrMWSp
Signed for Transaction# 2071 for server ID: 8dlRJnGCjqU5jw7bZaw2AF112UrCZiFfBS9CnJrMWSp
Signed for Transaction# 2070 for server ID: 8dlRJnGCjqU5jw7bZaw2AF112UrCZiFfBS9CnJrMWSp
Signed for Transaction# 2069 for server ID: 8dlRJnGCjqU5jw7bZaw2AF112UrCZiFfBS9CnJrMWSp
Signed for Transaction# 2068 for server ID: 8dlRJnGCjqU5jw7bZaw2AF112UrCZiFfBS9CnJrMWSp
Signed for Transaction# 2067 for server ID: 8dlRJnGCjqU5jw7bZaw2AF112UrCZiFfBS9CnJrMWSp
Signed for Transaction# 2066 for server ID: 8dlRJnGCjqU5jw7bZaw2AF112UrCZiFfBS9CnJrMWSp
Signed for Transaction# 2065 for server ID: 8dlRJnGCjqU5jw7bZaw2AF112UrCZiFfBS9CnJrMWSp
Signed for Transaction# 2064 for server ID: 8dlRJnGCjqU5jw7bZaw2AF112UrCZiFfBS9CnJrMWSp
Signed for Transaction# 2063 for server ID: 8dlRJnGCjqU5jw7bZaw2AF112UrCZiFfBS9CnJrMWSp
Transaction# 2096 still available for server ID: 8dlRJnGCjqU5jw7bZaw2AF112UrCZiFfBS9CnJrMWSp
Transaction# 2095 still available for server ID: 8dlRJnGCjqU5jw7bZaw2AF112UrCZiFfBS9CnJrMWSp
Transaction# 2094 still available for server ID: 8dlRJnGCjqU5jw7bZaw2AF112UrCZiFfBS9CnJrMWSp
Transaction# 2093 still available for server ID: 8dlRJnGCjqU5jw7bZaw2AF112UrCZiFfBS9CnJrMWSp
Transaction# 2092 still available for server ID: 8dlRJnGCjqU5jw7bZaw2AF112UrCZiFfBS9CnJrMWSp
Transaction# 2091 still available for server ID: 8dlRJnGCjqU5jw7bZaw2AF112UrCZiFfBS9CnJrMWSp
Transaction# 2090 still available for server ID: 8dlRJnGCjqU5jw7bZaw2AF112UrCZiFfBS9CnJrMWSp
Transaction# 2089 still available for server ID: 8dlRJnGCjqU5jw7bZaw2AF112UrCZiFfBS9CnJrMWSp
Transaction# 2071 still available for server ID: 8dlRJnGCjqU5jw7bZaw2AF112UrCZiFfBS9CnJrMWSp
Transaction# 2070 still available for server ID: 8dlRJnGCjqU5jw7bZaw2AF112UrCZiFfBS9CnJrMWSp
Transaction# 2069 still available for server ID: 8dlRJnGCjqU5jw7bZaw2AF112UrCZiFfBS9CnJrMWSp
Transaction# 2068 still available for server ID: 8dlRJnGCjqU5jw7bZaw2AF112UrCZiFfBS9CnJrMWSp
Transaction# 2067 still available for server ID: 8dlRJnGCjqU5jw7bZaw2AF112UrCZiFfBS9CnJrMWSp
Transaction# 2066 still available for server ID: 8dlRJnGCjqU5jw7bZaw2AF112UrCZiFfBS9CnJrMWSp
Transaction# 2065 still available for server ID: 8dlRJnGCjqU5jw7bZaw2AF112UrCZiFfBS9CnJrMWSp
Transaction# 2064 still available for server ID: 8dlRJnGCjqU5jw7bZaw2AF112UrCZiFfBS9CnJrMWSp
Transaction# 2063 still available for server ID: 8dlRJnGCjqU5jw7bZaw2AF112UrCZiFfBS9CnJrMWSp
==> Name: Trader Bob
 Version: 1.0
Nym (aka User) ID: lMTANg3U97bwGFJAYKljTXAcy5By6JcLdU4di5AoA4z
Request Number is 50 for server ID: 8dlRJnGCjqU5jw7bZaw2AF112UrCZiFfBS9CnJrMWSp
Signed for Transaction# 2078 for server ID: 8dlRJnGCjqU5jw7bZaw2AF112UrCZiFfBS9CnJrMWSp
Signed for Transaction# 2079 for server ID: 8dlRJnGCjqU5jw7bZaw2AF112UrCZiFfBS9CnJrMWSp
Signed for Transaction# 2080 for server ID: 8dlRJnGCjqU5jw7bZaw2AF112UrCZiFfBS9CnJrMWSp
Signed for Transaction# 2081 for server ID: 8dlRJnGCjqU5jw7bZaw2AF112UrCZiFfBS9CnJrMWSp
Signed for Transaction# 2082 for server ID: 8dlRJnGCjqU5jw7bZaw2AF112UrCZiFfBS9CnJrMWSp
Signed for Transaction# 2083 for server ID: 8dlRJnGCjqU5jw7bZaw2AF112UrCZiFfBS9CnJrMWSp
Signed for Transaction# 2084 for server ID: 8dlRJnGCjqU5jw7bZaw2AF112UrCZiFfBS9CnJrMWSp
Signed for Transaction# 2085 for server ID: 8dlRJnGCjqU5jw7bZaw2AF112UrCZiFfBS9CnJrMWSp
Signed for Transaction# 2086 for server ID: 8dlRJnGCjqU5jw7bZaw2AF112UrCZiFfBS9CnJrMWSp
Transaction# 2078 still available for server ID: 8dlRJnGCjqU5jw7bZaw2AF112UrCZiFfBS9CnJrMWSp
Transaction# 2079 still available for server ID: 8dlRJnGCjqU5jw7bZaw2AF112UrCZiFfBS9CnJrMWSp
Transaction# 2080 still available for server ID: 8dlRJnGCjqU5jw7bZaw2AF112UrCZiFfBS9CnJrMWSp
Transaction# 2081 still available for server ID: 8dlRJnGCjqU5jw7bZaw2AF112UrCZiFfBS9CnJrMWSp
Transaction# 2082 still available for server ID: 8dlRJnGCjqU5jw7bZaw2AF112UrCZiFfBS9CnJrMWSp
Transaction# 2083 still available for server ID: 8dlRJnGCjqU5jw7bZaw2AF112UrCZiFfBS9CnJrMWSp
Transaction# 2084 still available for server ID: 8dlRJnGCjqU5jw7bZaw2AF112UrCZiFfBS9CnJrMWSp
Transaction# 2085 still available for server ID: 8dlRJnGCjqU5jw7bZaw2AF112UrCZiFfBS9CnJrMWSp
Transaction# 2086 still available for server ID: 8dlRJnGCjqU5jw7bZaw2AF112UrCZiFfBS9CnJrMWSp

-------------------------------------------------
ASSET CONTRACTS:

-------------------------------------------------
SERVER CONTRACTS:

 Notary Provider: Localhost Server Contract
 ServerID: tmHvLZxb13hW6OyH1oHKTmKd7fTMRsUfzqPE6KCwSjl

-------------------------------------------------
ACCOUNTS:


Expected a data_folder path, and a wallet filename, but got this: /Users/au/.ot/client_data/
Make sure to call LoadWallet.
Using client_data path:  /Users/au/.ot/client_data
Using 'test' pass phrase for "(null)"
User has instructed to enter the OT prompt...

LOOKING FOR INSTRUCTIONS for the OT COMMAND LINE?
Try:   quit
Followed by:  ot -?
or:    ot -h
or:    ot --help

(NOW ENTERING OT PROMPT) 
Type "Help" at the OT> prompt to see contents of ~/.ot/CLIENT-COMMANDS.txt

Using 'test' pass phrase for "(null)"

OT> .
..
...
....
.....
......
.......
........
.........
..........
...........
............
.............
User has instructed to display wallet contents...

-------------------------------------------------
WALLET STATISTICS:

PSEUDONYM(s):

==> Name: FT's Test Nym
 Version: 1.0
Nym (aka User) ID: T1Q3wZWgeTUoaUvn9m1lzIK5tn5wITlzxzrGNI8qtaV
Request Number is 200 for server ID: 8dlRJnGCjqU5jw7bZaw2AF112UrCZiFfBS9CnJrMWSp
Signed for Transaction# 2098 for server ID: 8dlRJnGCjqU5jw7bZaw2AF112UrCZiFfBS9CnJrMWSp
Signed for Transaction# 2096 for server ID: 8dlRJnGCjqU5jw7bZaw2AF112UrCZiFfBS9CnJrMWSp
Signed for Transaction# 2095 for server ID: 8dlRJnGCjqU5jw7bZaw2AF112UrCZiFfBS9CnJrMWSp
Signed for Transaction# 2094 for server ID: 8dlRJnGCjqU5jw7bZaw2AF112UrCZiFfBS9CnJrMWSp
Signed for Transaction# 2093 for server ID: 8dlRJnGCjqU5jw7bZaw2AF112UrCZiFfBS9CnJrMWSp
Signed for Transaction# 2092 for server ID: 8dlRJnGCjqU5jw7bZaw2AF112UrCZiFfBS9CnJrMWSp
Signed for Transaction# 2091 for server ID: 8dlRJnGCjqU5jw7bZaw2AF112UrCZiFfBS9CnJrMWSp
Signed for Transaction# 2090 for server ID: 8dlRJnGCjqU5jw7bZaw2AF112UrCZiFfBS9CnJrMWSp
Signed for Transaction# 2089 for server ID: 8dlRJnGCjqU5jw7bZaw2AF112UrCZiFfBS9CnJrMWSp
Signed for Transaction# 2072 for server ID: 8dlRJnGCjqU5jw7bZaw2AF112UrCZiFfBS9CnJrMWSp
Signed for Transaction# 2071 for server ID: 8dlRJnGCjqU5jw7bZaw2AF112UrCZiFfBS9CnJrMWSp
Signed for Transaction# 2070 for server ID: 8dlRJnGCjqU5jw7bZaw2AF112UrCZiFfBS9CnJrMWSp
Signed for Transaction# 2069 for server ID: 8dlRJnGCjqU5jw7bZaw2AF112UrCZiFfBS9CnJrMWSp
Signed for Transaction# 2068 for server ID: 8dlRJnGCjqU5jw7bZaw2AF112UrCZiFfBS9CnJrMWSp
Signed for Transaction# 2067 for server ID: 8dlRJnGCjqU5jw7bZaw2AF112UrCZiFfBS9CnJrMWSp
Signed for Transaction# 2066 for server ID: 8dlRJnGCjqU5jw7bZaw2AF112UrCZiFfBS9CnJrMWSp
Signed for Transaction# 2065 for server ID: 8dlRJnGCjqU5jw7bZaw2AF112UrCZiFfBS9CnJrMWSp
Signed for Transaction# 2064 for server ID: 8dlRJnGCjqU5jw7bZaw2AF112UrCZiFfBS9CnJrMWSp
Signed for Transaction# 2063 for server ID: 8dlRJnGCjqU5jw7bZaw2AF112UrCZiFfBS9CnJrMWSp
Transaction# 2096 still available for server ID: 8dlRJnGCjqU5jw7bZaw2AF112UrCZiFfBS9CnJrMWSp
Transaction# 2095 still available for server ID: 8dlRJnGCjqU5jw7bZaw2AF112UrCZiFfBS9CnJrMWSp
Transaction# 2094 still available for server ID: 8dlRJnGCjqU5jw7bZaw2AF112UrCZiFfBS9CnJrMWSp
Transaction# 2093 still available for server ID: 8dlRJnGCjqU5jw7bZaw2AF112UrCZiFfBS9CnJrMWSp
Transaction# 2092 still available for server ID: 8dlRJnGCjqU5jw7bZaw2AF112UrCZiFfBS9CnJrMWSp
Transaction# 2091 still available for server ID: 8dlRJnGCjqU5jw7bZaw2AF112UrCZiFfBS9CnJrMWSp
Transaction# 2090 still available for server ID: 8dlRJnGCjqU5jw7bZaw2AF112UrCZiFfBS9CnJrMWSp
Transaction# 2089 still available for server ID: 8dlRJnGCjqU5jw7bZaw2AF112UrCZiFfBS9CnJrMWSp
Transaction# 2071 still available for server ID: 8dlRJnGCjqU5jw7bZaw2AF112UrCZiFfBS9CnJrMWSp
Transaction# 2070 still available for server ID: 8dlRJnGCjqU5jw7bZaw2AF112UrCZiFfBS9CnJrMWSp
Transaction# 2069 still available for server ID: 8dlRJnGCjqU5jw7bZaw2AF112UrCZiFfBS9CnJrMWSp
Transaction# 2068 still available for server ID: 8dlRJnGCjqU5jw7bZaw2AF112UrCZiFfBS9CnJrMWSp
Transaction# 2067 still available for server ID: 8dlRJnGCjqU5jw7bZaw2AF112UrCZiFfBS9CnJrMWSp
Transaction# 2066 still available for server ID: 8dlRJnGCjqU5jw7bZaw2AF112UrCZiFfBS9CnJrMWSp
Transaction# 2065 still available for server ID: 8dlRJnGCjqU5jw7bZaw2AF112UrCZiFfBS9CnJrMWSp
Transaction# 2064 still available for server ID: 8dlRJnGCjqU5jw7bZaw2AF112UrCZiFfBS9CnJrMWSp
Transaction# 2063 still available for server ID: 8dlRJnGCjqU5jw7bZaw2AF112UrCZiFfBS9CnJrMWSp
==> Name: Trader Bob
 Version: 1.0
Nym (aka User) ID: lMTANg3U97bwGFJAYKljTXAcy5By6JcLdU4di5AoA4z
Request Number is 50 for server ID: 8dlRJnGCjqU5jw7bZaw2AF112UrCZiFfBS9CnJrMWSp
Signed for Transaction# 2078 for server ID: 8dlRJnGCjqU5jw7bZaw2AF112UrCZiFfBS9CnJrMWSp
Signed for Transaction# 2079 for server ID: 8dlRJnGCjqU5jw7bZaw2AF112UrCZiFfBS9CnJrMWSp
Signed for Transaction# 2080 for server ID: 8dlRJnGCjqU5jw7bZaw2AF112UrCZiFfBS9CnJrMWSp
Signed for Transaction# 2081 for server ID: 8dlRJnGCjqU5jw7bZaw2AF112UrCZiFfBS9CnJrMWSp
Signed for Transaction# 2082 for server ID: 8dlRJnGCjqU5jw7bZaw2AF112UrCZiFfBS9CnJrMWSp
Signed for Transaction# 2083 for server ID: 8dlRJnGCjqU5jw7bZaw2AF112UrCZiFfBS9CnJrMWSp
Signed for Transaction# 2084 for server ID: 8dlRJnGCjqU5jw7bZaw2AF112UrCZiFfBS9CnJrMWSp
Signed for Transaction# 2085 for server ID: 8dlRJnGCjqU5jw7bZaw2AF112UrCZiFfBS9CnJrMWSp
Signed for Transaction# 2086 for server ID: 8dlRJnGCjqU5jw7bZaw2AF112UrCZiFfBS9CnJrMWSp
Transaction# 2078 still available for server ID: 8dlRJnGCjqU5jw7bZaw2AF112UrCZiFfBS9CnJrMWSp
Transaction# 2079 still available for server ID: 8dlRJnGCjqU5jw7bZaw2AF112UrCZiFfBS9CnJrMWSp
Transaction# 2080 still available for server ID: 8dlRJnGCjqU5jw7bZaw2AF112UrCZiFfBS9CnJrMWSp
Transaction# 2081 still available for server ID: 8dlRJnGCjqU5jw7bZaw2AF112UrCZiFfBS9CnJrMWSp
Transaction# 2082 still available for server ID: 8dlRJnGCjqU5jw7bZaw2AF112UrCZiFfBS9CnJrMWSp
Transaction# 2083 still available for server ID: 8dlRJnGCjqU5jw7bZaw2AF112UrCZiFfBS9CnJrMWSp
Transaction# 2084 still available for server ID: 8dlRJnGCjqU5jw7bZaw2AF112UrCZiFfBS9CnJrMWSp
Transaction# 2085 still available for server ID: 8dlRJnGCjqU5jw7bZaw2AF112UrCZiFfBS9CnJrMWSp
Transaction# 2086 still available for server ID: 8dlRJnGCjqU5jw7bZaw2AF112UrCZiFfBS9CnJrMWSp

-------------------------------------------------
ASSET CONTRACTS:

-------------------------------------------------
SERVER CONTRACTS:

 Notary Provider: Localhost Server Contract
 ServerID: tmHvLZxb13hW6OyH1oHKTmKd7fTMRsUfzqPE6KCwSjl

-------------------------------------------------
ACCOUNTS:



OT> .
..
...
....
.....
......
.......
........
.........
..........
...........
............
.............
(User has instructed to send a createUserAccount command to the server...)

OT> .
..
...
....
.....
......
.......
........
.........
..........
...........
............
.............
(User has instructed to send a getRequest command to the server...)
Received new request number from the server: 1. Updating Nym records...
Creating Request Number entry as '1'. Saving...

OT> .
..
...
....
.....
......
.......
........
.........
..........
...........
............
.............
User has instructed to display wallet contents...

-------------------------------------------------
WALLET STATISTICS:

PSEUDONYM(s):

==> Name: FT's Test Nym
 Version: 1.0
Nym (aka User) ID: T1Q3wZWgeTUoaUvn9m1lzIK5tn5wITlzxzrGNI8qtaV
Request Number is 200 for server ID: 8dlRJnGCjqU5jw7bZaw2AF112UrCZiFfBS9CnJrMWSp
Request Number is 1 for server ID: tmHvLZxb13hW6OyH1oHKTmKd7fTMRsUfzqPE6KCwSjl
Signed for Transaction# 2098 for server ID: 8dlRJnGCjqU5jw7bZaw2AF112UrCZiFfBS9CnJrMWSp
Signed for Transaction# 2096 for server ID: 8dlRJnGCjqU5jw7bZaw2AF112UrCZiFfBS9CnJrMWSp
Signed for Transaction# 2095 for server ID: 8dlRJnGCjqU5jw7bZaw2AF112UrCZiFfBS9CnJrMWSp
Signed for Transaction# 2094 for server ID: 8dlRJnGCjqU5jw7bZaw2AF112UrCZiFfBS9CnJrMWSp
Signed for Transaction# 2093 for server ID: 8dlRJnGCjqU5jw7bZaw2AF112UrCZiFfBS9CnJrMWSp
Signed for Transaction# 2092 for server ID: 8dlRJnGCjqU5jw7bZaw2AF112UrCZiFfBS9CnJrMWSp
Signed for Transaction# 2091 for server ID: 8dlRJnGCjqU5jw7bZaw2AF112UrCZiFfBS9CnJrMWSp
Signed for Transaction# 2090 for server ID: 8dlRJnGCjqU5jw7bZaw2AF112UrCZiFfBS9CnJrMWSp
Signed for Transaction# 2089 for server ID: 8dlRJnGCjqU5jw7bZaw2AF112UrCZiFfBS9CnJrMWSp
Signed for Transaction# 2072 for server ID: 8dlRJnGCjqU5jw7bZaw2AF112UrCZiFfBS9CnJrMWSp
Signed for Transaction# 2071 for server ID: 8dlRJnGCjqU5jw7bZaw2AF112UrCZiFfBS9CnJrMWSp
Signed for Transaction# 2070 for server ID: 8dlRJnGCjqU5jw7bZaw2AF112UrCZiFfBS9CnJrMWSp
Signed for Transaction# 2069 for server ID: 8dlRJnGCjqU5jw7bZaw2AF112UrCZiFfBS9CnJrMWSp
Signed for Transaction# 2068 for server ID: 8dlRJnGCjqU5jw7bZaw2AF112UrCZiFfBS9CnJrMWSp
Signed for Transaction# 2067 for server ID: 8dlRJnGCjqU5jw7bZaw2AF112UrCZiFfBS9CnJrMWSp
Signed for Transaction# 2066 for server ID: 8dlRJnGCjqU5jw7bZaw2AF112UrCZiFfBS9CnJrMWSp
Signed for Transaction# 2065 for server ID: 8dlRJnGCjqU5jw7bZaw2AF112UrCZiFfBS9CnJrMWSp
Signed for Transaction# 2064 for server ID: 8dlRJnGCjqU5jw7bZaw2AF112UrCZiFfBS9CnJrMWSp
Signed for Transaction# 2063 for server ID: 8dlRJnGCjqU5jw7bZaw2AF112UrCZiFfBS9CnJrMWSp
Transaction# 2096 still available for server ID: 8dlRJnGCjqU5jw7bZaw2AF112UrCZiFfBS9CnJrMWSp
Transaction# 2095 still available for server ID: 8dlRJnGCjqU5jw7bZaw2AF112UrCZiFfBS9CnJrMWSp
Transaction# 2094 still available for server ID: 8dlRJnGCjqU5jw7bZaw2AF112UrCZiFfBS9CnJrMWSp
Transaction# 2093 still available for server ID: 8dlRJnGCjqU5jw7bZaw2AF112UrCZiFfBS9CnJrMWSp
Transaction# 2092 still available for server ID: 8dlRJnGCjqU5jw7bZaw2AF112UrCZiFfBS9CnJrMWSp
Transaction# 2091 still available for server ID: 8dlRJnGCjqU5jw7bZaw2AF112UrCZiFfBS9CnJrMWSp
Transaction# 2090 still available for server ID: 8dlRJnGCjqU5jw7bZaw2AF112UrCZiFfBS9CnJrMWSp
Transaction# 2089 still available for server ID: 8dlRJnGCjqU5jw7bZaw2AF112UrCZiFfBS9CnJrMWSp
Transaction# 2071 still available for server ID: 8dlRJnGCjqU5jw7bZaw2AF112UrCZiFfBS9CnJrMWSp
Transaction# 2070 still available for server ID: 8dlRJnGCjqU5jw7bZaw2AF112UrCZiFfBS9CnJrMWSp
Transaction# 2069 still available for server ID: 8dlRJnGCjqU5jw7bZaw2AF112UrCZiFfBS9CnJrMWSp
Transaction# 2068 still available for server ID: 8dlRJnGCjqU5jw7bZaw2AF112UrCZiFfBS9CnJrMWSp
Transaction# 2067 still available for server ID: 8dlRJnGCjqU5jw7bZaw2AF112UrCZiFfBS9CnJrMWSp
Transaction# 2066 still available for server ID: 8dlRJnGCjqU5jw7bZaw2AF112UrCZiFfBS9CnJrMWSp
Transaction# 2065 still available for server ID: 8dlRJnGCjqU5jw7bZaw2AF112UrCZiFfBS9CnJrMWSp
Transaction# 2064 still available for server ID: 8dlRJnGCjqU5jw7bZaw2AF112UrCZiFfBS9CnJrMWSp
Transaction# 2063 still available for server ID: 8dlRJnGCjqU5jw7bZaw2AF112UrCZiFfBS9CnJrMWSp
==> Name: Trader Bob
 Version: 1.0
Nym (aka User) ID: lMTANg3U97bwGFJAYKljTXAcy5By6JcLdU4di5AoA4z
Request Number is 50 for server ID: 8dlRJnGCjqU5jw7bZaw2AF112UrCZiFfBS9CnJrMWSp
Signed for Transaction# 2078 for server ID: 8dlRJnGCjqU5jw7bZaw2AF112UrCZiFfBS9CnJrMWSp
Signed for Transaction# 2079 for server ID: 8dlRJnGCjqU5jw7bZaw2AF112UrCZiFfBS9CnJrMWSp
Signed for Transaction# 2080 for server ID: 8dlRJnGCjqU5jw7bZaw2AF112UrCZiFfBS9CnJrMWSp
Signed for Transaction# 2081 for server ID: 8dlRJnGCjqU5jw7bZaw2AF112UrCZiFfBS9CnJrMWSp
Signed for Transaction# 2082 for server ID: 8dlRJnGCjqU5jw7bZaw2AF112UrCZiFfBS9CnJrMWSp
Signed for Transaction# 2083 for server ID: 8dlRJnGCjqU5jw7bZaw2AF112UrCZiFfBS9CnJrMWSp
Signed for Transaction# 2084 for server ID: 8dlRJnGCjqU5jw7bZaw2AF112UrCZiFfBS9CnJrMWSp
Signed for Transaction# 2085 for server ID: 8dlRJnGCjqU5jw7bZaw2AF112UrCZiFfBS9CnJrMWSp
Signed for Transaction# 2086 for server ID: 8dlRJnGCjqU5jw7bZaw2AF112UrCZiFfBS9CnJrMWSp
Transaction# 2078 still available for server ID: 8dlRJnGCjqU5jw7bZaw2AF112UrCZiFfBS9CnJrMWSp
Transaction# 2079 still available for server ID: 8dlRJnGCjqU5jw7bZaw2AF112UrCZiFfBS9CnJrMWSp
Transaction# 2080 still available for server ID: 8dlRJnGCjqU5jw7bZaw2AF112UrCZiFfBS9CnJrMWSp
Transaction# 2081 still available for server ID: 8dlRJnGCjqU5jw7bZaw2AF112UrCZiFfBS9CnJrMWSp
Transaction# 2082 still available for server ID: 8dlRJnGCjqU5jw7bZaw2AF112UrCZiFfBS9CnJrMWSp
Transaction# 2083 still available for server ID: 8dlRJnGCjqU5jw7bZaw2AF112UrCZiFfBS9CnJrMWSp
Transaction# 2084 still available for server ID: 8dlRJnGCjqU5jw7bZaw2AF112UrCZiFfBS9CnJrMWSp
Transaction# 2085 still available for server ID: 8dlRJnGCjqU5jw7bZaw2AF112UrCZiFfBS9CnJrMWSp
Transaction# 2086 still available for server ID: 8dlRJnGCjqU5jw7bZaw2AF112UrCZiFfBS9CnJrMWSp

-------------------------------------------------
ASSET CONTRACTS:

-------------------------------------------------
SERVER CONTRACTS:

 Notary Provider: Localhost Server Contract
 ServerID: tmHvLZxb13hW6OyH1oHKTmKd7fTMRsUfzqPE6KCwSjl

-------------------------------------------------
ACCOUNTS:



OT> .
..
...
....
.....
......
.......
........
.........
..........
...........
............
.............
User has instructed to exit the wallet...
Exiting OT prompt.
Expected a data_folder path, and a wallet filename, but got this: /Users/au/.ot/client_data/
Make sure to call LoadWallet.
Using OT Password Callback for "(null)"
Created folder: /Users/au/.ot/client_data/markets/tmHvLZxb13hW6OyH1oHKTmKd7fTMRsUfzqPE6KCwSjl
Error erasing file in StorageFS::onEraseValueByKey: /Users/au/.ot/client_data/markets/tmHvLZxb13hW6OyH1oHKTmKd7fTMRsUfzqPE6KCwSjl/market_data.bin
Failed trying to erase a value, in Storage::EraseValueByKey (while calling onEraseValueByKey) 
Error erasing market list from market folder: market_data.bin 
Message sent via ZMQ...

Error erasing file in StorageFS::onEraseValueByKey: /Users/au/.ot/client_data/markets/tmHvLZxb13hW6OyH1oHKTmKd7fTMRsUfzqPE6KCwSjl/market_data.bin
Failed trying to erase a value, in Storage::EraseValueByKey (while calling onEraseValueByKey) 
Error erasing market list from market folder: market_data.bin 
Message sent via ZMQ...

Error erasing file in StorageFS::onEraseValueByKey: /Users/au/.ot/client_data/markets/tmHvLZxb13hW6OyH1oHKTmKd7fTMRsUfzqPE6KCwSjl/market_data.bin
Failed trying to erase a value, in Storage::EraseValueByKey (while calling onEraseValueByKey) 
Error erasing market list from market folder: market_data.bin 
Message sent via ZMQ...

Created folder: /Users/au/.ot/client_data/nyms/trades/tmHvLZxb13hW6OyH1oHKTmKd7fTMRsUfzqPE6KCwSjl
Error: Attempt to add Asset Contract but it is already in the wallet.
Message sent via ZMQ...

Created folder: /Users/au/.ot/client_data/purse/tmHvLZxb13hW6OyH1oHKTmKd7fTMRsUfzqPE6KCwSjl
Created folder: /Users/au/.ot/client_data/purse/tmHvLZxb13hW6OyH1oHKTmKd7fTMRsUfzqPE6KCwSjl/T1Q3wZWgeTUoaUvn9m1lzIK5tn5wITlzxzrGNI8qtaV
OTPurse::LoadPurse: File does not exist: purse/tmHvLZxb13hW6OyH1oHKTmKd7fTMRsUfzqPE6KCwSjl/T1Q3wZWgeTUoaUvn9m1lzIK5tn5wITlzxzrGNI8qtaV/mNS1ODAXQoSXpWJfC5awE9zAXCm9aVfiE0WQGsIOw4B
Failure calling OT_API::LoadPurse in OT_API_LoadPurse.
 Server: tmHvLZxb13hW6OyH1oHKTmKd7fTMRsUfzqPE6KCwSjl
 Asset Type: mNS1ODAXQoSXpWJfC5awE9zAXCm9aVfiE0WQGsIOw4B
Created folder: /Users/au/.ot/client_data/purse/tmHvLZxb13hW6OyH1oHKTmKd7fTMRsUfzqPE6KCwSjl/lMTANg3U97bwGFJAYKljTXAcy5By6JcLdU4di5AoA4z
OTPurse::LoadPurse: File does not exist: purse/tmHvLZxb13hW6OyH1oHKTmKd7fTMRsUfzqPE6KCwSjl/lMTANg3U97bwGFJAYKljTXAcy5By6JcLdU4di5AoA4z/mNS1ODAXQoSXpWJfC5awE9zAXCm9aVfiE0WQGsIOw4B
Failure calling OT_API::LoadPurse in OT_API_LoadPurse.
 Server: tmHvLZxb13hW6OyH1oHKTmKd7fTMRsUfzqPE6KCwSjl
 Asset Type: mNS1ODAXQoSXpWJfC5awE9zAXCm9aVfiE0WQGsIOw4B
Message sent via ZMQ...

Saving updated account file to disk...
Received server response to Get Outbox message.
Message sent via ZMQ...

OTPurse::LoadPurse: File does not exist: purse/tmHvLZxb13hW6OyH1oHKTmKd7fTMRsUfzqPE6KCwSjl/T1Q3wZWgeTUoaUvn9m1lzIK5tn5wITlzxzrGNI8qtaV/mNS1ODAXQoSXpWJfC5awE9zAXCm9aVfiE0WQGsIOw4B
Failure calling OT_API::LoadPurse in OT_API_LoadPurse.
 Server: tmHvLZxb13hW6OyH1oHKTmKd7fTMRsUfzqPE6KCwSjl
 Asset Type: mNS1ODAXQoSXpWJfC5awE9zAXCm9aVfiE0WQGsIOw4B
OTPurse::LoadPurse: File does not exist: purse/tmHvLZxb13hW6OyH1oHKTmKd7fTMRsUfzqPE6KCwSjl/lMTANg3U97bwGFJAYKljTXAcy5By6JcLdU4di5AoA4z/mNS1ODAXQoSXpWJfC5awE9zAXCm9aVfiE0WQGsIOw4B
Failure calling OT_API::LoadPurse in OT_API_LoadPurse.
 Server: tmHvLZxb13hW6OyH1oHKTmKd7fTMRsUfzqPE6KCwSjl
 Asset Type: mNS1ODAXQoSXpWJfC5awE9zAXCm9aVfiE0WQGsIOw4B
Received server response to Get Inbox message.
Created folder: /Users/au/.ot/client_data/receipts/tmHvLZxb13hW6OyH1oHKTmKd7fTMRsUfzqPE6KCwSjl
===> ** LAST SIGNED BALANCE RECEIPT *FAILED* against latest nym, account, outbox, and/or inbox.
(IF THE ACCOUNT IS NEW, i.e. it's never transacted before, then there IS NOT YET ANY RECEIPT, so this error is normal.)
Message sent via ZMQ...

Saving updated account file to disk...
Message sent via ZMQ...

Received server response to Get Outbox message.
Message sent via ZMQ...

BASKET ID: mNS1ODAXQoSXpWJfC5awE9zAXCm9aVfiE0WQGsIOw4B 
Saving updated account file to disk...
OTPurse::LoadPurse: File does not exist: purse/tmHvLZxb13hW6OyH1oHKTmKd7fTMRsUfzqPE6KCwSjl/T1Q3wZWgeTUoaUvn9m1lzIK5tn5wITlzxzrGNI8qtaV/mNS1ODAXQoSXpWJfC5awE9zAXCm9aVfiE0WQGsIOw4B
Failure calling OT_API::LoadPurse in OT_API_LoadPurse.
 Server: tmHvLZxb13hW6OyH1oHKTmKd7fTMRsUfzqPE6KCwSjl
 Asset Type: mNS1ODAXQoSXpWJfC5awE9zAXCm9aVfiE0WQGsIOw4B
OTPurse::LoadPurse: File does not exist: purse/tmHvLZxb13hW6OyH1oHKTmKd7fTMRsUfzqPE6KCwSjl/lMTANg3U97bwGFJAYKljTXAcy5By6JcLdU4di5AoA4z/mNS1ODAXQoSXpWJfC5awE9zAXCm9aVfiE0WQGsIOw4B
Failure calling OT_API::LoadPurse in OT_API_LoadPurse.
 Server: tmHvLZxb13hW6OyH1oHKTmKd7fTMRsUfzqPE6KCwSjl
 Asset Type: mNS1ODAXQoSXpWJfC5awE9zAXCm9aVfiE0WQGsIOw4B
Received server response to Get Inbox message.
===> ** LAST SIGNED BALANCE RECEIPT *FAILED* against latest nym, account, outbox, and/or inbox.
(IF THE ACCOUNT IS NEW, i.e. it's never transacted before, then there IS NOT YET ANY RECEIPT, so this error is normal.)
Message sent via ZMQ...

Saving updated account file to disk...
Message sent via ZMQ...

Received server response to Get Outbox message.
Message sent via ZMQ...

BASKET ID: mNS1ODAXQoSXpWJfC5awE9zAXCm9aVfiE0WQGsIOw4B 
Received server response to Get Inbox message.
===> ** LAST SIGNED BALANCE RECEIPT *FAILED* against latest nym, account, outbox, and/or inbox.
(IF THE ACCOUNT IS NEW, i.e. it's never transacted before, then there IS NOT YET ANY RECEIPT, so this error is normal.)
Message sent via ZMQ...

Saving updated account file to disk...
Message sent via ZMQ...

Received server response to Get Outbox message.
Message sent via ZMQ...

BASKET ID: mNS1ODAXQoSXpWJfC5awE9zAXCm9aVfiE0WQGsIOw4B 
